{"meta": {"format": 2, "version": "7.5.3", "timestamp": "2025-10-02T14:29:18.373683", "branch_coverage": false, "show_contexts": false}, "files": {"wapitiCore/__init__.py": {"executed_lines": [21, 22], "summary": {"covered_lines": 2, "num_statements": 2, "percent_covered": 100.0, "percent_covered_display": "100", "missing_lines": 0, "excluded_lines": 0}, "missing_lines": [], "excluded_lines": []}, "wapitiCore/attack/__init__.py": {"executed_lines": [], "summary": {"covered_lines": 0, "num_statements": 0, "percent_covered": 100.0, "percent_covered_display": "100", "missing_lines": 0, "excluded_lines": 0}, "missing_lines": [], "excluded_lines": []}, "wapitiCore/attack/active_scanner.py": {"executed_lines": [], "summary": {"covered_lines": 0, "num_statements": 207, "percent_covered": 0.0, "percent_covered_display": "0", "missing_lines": 207, "excluded_lines": 0}, "missing_lines": [1, 2, 3, 4, 5, 6, 7, 8, 9, 10, 11, 13, 14, 16, 17, 18, 19, 20, 21, 22, 25, 26, 27, 28, 29, 32, 33, 36, 37, 38, 39, 40, 41, 42, 43, 46, 47, 56, 57, 58, 59, 60, 61, 62, 63, 64, 66, 67, 68, 69, 70, 71, 72, 73, 74, 75, 76, 78, 79, 80, 81, 83, 84, 85, 87, 89, 91, 93, 94, 96, 97, 99, 100, 102, 103, 104, 105, 106, 108, 109, 115, 117, 118, 119, 121, 122, 124, 126, 128, 130, 132, 133, 134, 135, 136, 137, 143, 144, 145, 146, 147, 148, 149, 150, 152, 153, 154, 156, 157, 159, 174, 175, 176, 178, 179, 180, 183, 186, 187, 188, 189, 191, 193, 195, 196, 197, 199, 200, 202, 203, 210, 211, 213, 217, 218, 219, 220, 221, 223, 224, 225, 226, 227, 228, 229, 230, 231, 233, 235, 237, 238, 239, 244, 246, 247, 251, 252, 258, 262, 263, 265, 266, 268, 270, 271, 273, 275, 277, 278, 279, 281, 282, 283, 288, 289, 290, 293, 295, 300, 305, 307, 308, 309, 311, 314, 318, 319, 321, 322, 323, 325, 327, 328, 329, 330, 331, 332, 333, 334, 336, 337, 338, 344, 345, 346, 347, 348], "excluded_lines": []}, "wapitiCore/attack/attack.py": {"executed_lines": [], "summary": {"covered_lines": 0, "num_statements": 350, "percent_covered": 0.0, "percent_covered_display": "0", "missing_lines": 350, "excluded_lines": 0}, "missing_lines": [20, 21, 22, 23, 24, 25, 26, 27, 28, 39, 40, 42, 44, 45, 46, 47, 48, 55, 56, 57, 58, 62, 65, 66, 67, 68, 69, 70, 71, 72, 75, 76, 77, 78, 79, 80, 83, 84, 85, 86, 87, 89, 90, 91, 93, 94, 95, 98, 101, 103, 118, 121, 127, 130, 131, 132, 133, 134, 137, 140, 142, 143, 147, 149, 150, 153, 154, 155, 156, 157, 158, 159, 160, 161, 163, 190, 192, 199, 200, 206, 207, 208, 209, 210, 213, 214, 215, 217, 221, 224, 233, 247, 255, 260, 268, 273, 281, 286, 294, 299, 307, 311, 312, 314, 315, 316, 318, 319, 320, 322, 323, 324, 326, 327, 328, 330, 331, 332, 334, 335, 336, 338, 339, 340, 345, 346, 347, 349, 350, 351, 352, 354, 359, 360, 362, 364, 365, 366, 368, 369, 371, 372, 373, 374, 375, 376, 378, 385, 386, 387, 388, 389, 390, 391, 392, 395, 397, 406, 407, 408, 409, 410, 411, 412, 413, 414, 415, 416, 417, 419, 422, 423, 424, 425, 429, 432, 433, 434, 435, 436, 437, 438, 439, 440, 441, 442, 443, 444, 445, 447, 448, 450, 451, 453, 454, 456, 457, 458, 460, 461, 466, 468, 477, 478, 479, 482, 483, 489, 490, 492, 496, 499, 502, 506, 507, 511, 518, 519, 520, 522, 523, 528, 529, 532, 538, 539, 541, 542, 546, 547, 550, 552, 562, 563, 565, 566, 571, 572, 574, 596, 598, 600, 603, 604, 606, 607, 614, 615, 616, 619, 625, 626, 629, 630, 632, 633, 635, 638, 640, 641, 645, 646, 650, 654, 661, 662, 664, 667, 668, 669, 670, 671, 673, 675, 676, 678, 680, 681, 682, 683, 685, 687, 688, 690, 692, 696, 701, 702, 705, 708, 711, 712, 716, 717, 720, 723, 724, 726, 727, 729, 730, 734, 738, 739, 740, 742, 744, 746, 755, 756, 758, 760, 764, 765, 766, 768, 771, 772, 773, 774, 775, 777, 780, 781, 782, 784, 785, 786, 788, 789, 791, 792, 794, 797, 800, 801, 802, 804, 806, 809, 812, 813, 817, 818, 820, 825, 827, 833, 842, 843], "excluded_lines": []}, "wapitiCore/attack/mod_backup.py": {"executed_lines": [], "summary": {"covered_lines": 0, "num_statements": 67, "percent_covered": 0.0, "percent_covered_display": "0", "missing_lines": 67, "excluded_lines": 0}, "missing_lines": [24, 25, 26, 28, 30, 31, 32, 33, 34, 35, 38, 42, 44, 45, 47, 48, 49, 51, 53, 54, 56, 59, 60, 61, 62, 63, 64, 66, 68, 70, 72, 73, 74, 76, 77, 79, 80, 83, 85, 86, 87, 88, 90, 92, 93, 95, 96, 98, 99, 100, 102, 103, 104, 106, 107, 109, 111, 113, 114, 116, 117, 118, 119, 120, 122, 123, 125], "excluded_lines": []}, "wapitiCore/attack/mod_brute_login_form.py": {"executed_lines": [], "summary": {"covered_lines": 0, "num_statements": 123, "percent_covered": 0.0, "percent_covered_display": "0", "missing_lines": 123, "excluded_lines": 0}, "missing_lines": [22, 23, 24, 25, 27, 29, 30, 31, 32, 33, 34, 35, 38, 40, 41, 42, 43, 44, 46, 47, 49, 50, 55, 56, 57, 59, 61, 62, 67, 68, 69, 70, 72, 73, 78, 79, 80, 81, 84, 92, 93, 95, 96, 97, 99, 100, 102, 111, 116, 118, 120, 121, 123, 124, 127, 128, 130, 132, 133, 134, 135, 136, 137, 139, 140, 141, 142, 144, 145, 151, 153, 154, 155, 156, 158, 159, 160, 162, 163, 164, 165, 166, 167, 168, 170, 180, 182, 183, 185, 190, 191, 192, 193, 194, 195, 197, 198, 199, 200, 203, 204, 206, 207, 208, 210, 211, 213, 222, 229, 230, 231, 232, 233, 235, 237, 240, 241, 242, 245, 246, 252, 253, 255], "excluded_lines": []}, "wapitiCore/attack/mod_buster.py": {"executed_lines": [], "summary": {"covered_lines": 0, "num_statements": 89, "percent_covered": 0.0, "percent_covered_display": "0", "missing_lines": 89, "excluded_lines": 0}, "missing_lines": [21, 22, 23, 25, 27, 28, 29, 30, 33, 38, 40, 42, 43, 45, 46, 47, 48, 49, 50, 52, 53, 54, 55, 56, 57, 58, 60, 61, 62, 63, 64, 69, 71, 72, 73, 78, 80, 82, 83, 85, 86, 87, 88, 89, 90, 92, 94, 96, 97, 99, 100, 102, 103, 104, 105, 106, 108, 109, 110, 111, 113, 114, 116, 121, 122, 123, 124, 125, 126, 127, 129, 130, 131, 132, 135, 136, 137, 138, 139, 141, 142, 145, 146, 149, 150, 151, 153, 154, 156], "excluded_lines": []}, "wapitiCore/attack/mod_cms.py": {"executed_lines": [], "summary": {"covered_lines": 0, "num_statements": 38, "percent_covered": 0.0, "percent_covered_display": "0", "missing_lines": 38, "excluded_lines": 0}, "missing_lines": [20, 22, 23, 24, 25, 26, 29, 30, 31, 33, 36, 38, 40, 42, 43, 44, 46, 47, 49, 51, 52, 53, 54, 56, 57, 60, 61, 62, 65, 66, 67, 70, 71, 72, 75, 76, 77, 80], "excluded_lines": []}, "wapitiCore/attack/mod_crlf.py": {"executed_lines": [], "summary": {"covered_lines": 0, "num_statements": 47, "percent_covered": 0.0, "percent_covered_display": "0", "missing_lines": 47, "excluded_lines": 0}, "missing_lines": [20, 22, 24, 25, 26, 27, 28, 29, 30, 33, 37, 38, 39, 40, 41, 43, 44, 45, 47, 48, 50, 54, 56, 57, 58, 59, 60, 67, 68, 69, 70, 71, 72, 73, 74, 75, 76, 78, 79, 87, 88, 90, 92, 93, 99, 100, 101], "excluded_lines": []}, "wapitiCore/attack/mod_csrf.py": {"executed_lines": [], "summary": {"covered_lines": 0, "num_statements": 101, "percent_covered": 0.0, "percent_covered_display": "0", "missing_lines": 101, "excluded_lines": 0}, "missing_lines": [20, 21, 22, 23, 25, 26, 27, 28, 29, 32, 37, 39, 40, 42, 44, 45, 47, 54, 59, 60, 62, 64, 65, 68, 69, 70, 72, 74, 75, 78, 79, 80, 81, 84, 85, 86, 87, 88, 91, 92, 93, 94, 95, 97, 99, 103, 104, 107, 108, 110, 112, 113, 116, 117, 119, 120, 122, 124, 128, 134, 135, 136, 139, 140, 142, 152, 153, 154, 156, 157, 159, 160, 165, 167, 169, 171, 173, 174, 175, 177, 178, 182, 183, 185, 186, 188, 190, 191, 194, 195, 196, 197, 198, 199, 201, 203, 205, 206, 207, 208, 210], "excluded_lines": []}, "wapitiCore/attack/mod_exec.py": {"executed_lines": [], "summary": {"covered_lines": 0, "num_statements": 119, "percent_covered": 0.0, "percent_covered_display": "0", "missing_lines": 119, "excluded_lines": 0}, "missing_lines": [20, 21, 23, 25, 26, 27, 28, 29, 30, 31, 32, 33, 34, 37, 41, 43, 44, 45, 46, 48, 50, 51, 52, 54, 56, 57, 58, 66, 67, 68, 69, 71, 72, 73, 74, 75, 76, 77, 78, 80, 82, 84, 85, 86, 88, 89, 90, 92, 95, 97, 99, 100, 101, 103, 105, 106, 107, 108, 110, 111, 112, 114, 116, 123, 124, 130, 131, 132, 133, 134, 137, 138, 139, 142, 143, 144, 145, 146, 148, 149, 151, 153, 159, 160, 161, 163, 164, 166, 169, 170, 172, 173, 174, 175, 176, 177, 179, 182, 183, 184, 186, 187, 189, 197, 198, 204, 205, 206, 207, 208, 209, 210, 212, 214, 221, 222, 223, 224, 225], "excluded_lines": []}, "wapitiCore/attack/mod_file.py": {"executed_lines": [], "summary": {"covered_lines": 0, "num_statements": 153, "percent_covered": 0.0, "percent_covered_display": "0", "missing_lines": 153, "excluded_lines": 0}, "missing_lines": [20, 21, 22, 23, 25, 27, 28, 29, 30, 31, 32, 33, 34, 35, 37, 51, 52, 59, 67, 69, 70, 71, 73, 74, 75, 76, 77, 80, 82, 83, 84, 85, 87, 89, 96, 97, 98, 100, 103, 105, 107, 108, 109, 110, 112, 114, 115, 116, 117, 118, 120, 122, 124, 126, 128, 129, 131, 132, 133, 134, 136, 138, 140, 141, 143, 145, 146, 147, 148, 149, 150, 151, 153, 155, 157, 158, 159, 161, 163, 165, 166, 167, 168, 169, 170, 172, 173, 174, 175, 176, 178, 179, 181, 183, 189, 190, 191, 192, 193, 194, 195, 197, 198, 199, 200, 201, 202, 203, 206, 207, 208, 209, 210, 212, 214, 216, 217, 219, 220, 222, 225, 226, 229, 230, 232, 234, 235, 236, 237, 238, 239, 241, 249, 250, 257, 258, 260, 261, 262, 264, 266, 267, 269, 270, 271, 272, 274, 276, 284, 285, 286, 287, 288], "excluded_lines": []}, "wapitiCore/attack/mod_htaccess.py": {"executed_lines": [], "summary": {"covered_lines": 0, "num_statements": 39, "percent_covered": 0.0, "percent_covered_display": "0", "missing_lines": 39, "excluded_lines": 0}, "missing_lines": [25, 27, 29, 30, 31, 32, 35, 40, 42, 43, 45, 46, 47, 49, 50, 52, 54, 55, 56, 57, 58, 59, 60, 62, 63, 64, 65, 66, 67, 69, 72, 74, 75, 81, 82, 84, 85, 86, 88], "excluded_lines": []}, "wapitiCore/attack/mod_htp.py": {"executed_lines": [], "summary": {"covered_lines": 0, "num_statements": 153, "percent_covered": 0.0, "percent_covered_display": "0", "missing_lines": 153, "excluded_lines": 0}, "missing_lines": [20, 21, 22, 23, 24, 25, 26, 27, 29, 30, 31, 32, 33, 34, 36, 37, 40, 41, 44, 46, 47, 48, 49, 52, 55, 60, 62, 63, 64, 65, 66, 68, 69, 71, 72, 73, 74, 76, 77, 79, 81, 82, 86, 87, 89, 90, 91, 92, 94, 95, 96, 98, 99, 101, 102, 103, 104, 106, 107, 109, 111, 112, 113, 115, 116, 117, 119, 120, 126, 127, 128, 129, 130, 132, 133, 135, 137, 139, 140, 143, 144, 150, 151, 152, 153, 154, 156, 157, 159, 161, 163, 164, 165, 166, 170, 172, 176, 177, 178, 179, 180, 182, 183, 185, 187, 188, 189, 191, 193, 195, 196, 197, 198, 200, 205, 210, 211, 213, 215, 216, 218, 219, 220, 221, 223, 224, 225, 227, 228, 229, 231, 232, 233, 235, 236, 237, 238, 240, 241, 242, 244, 245, 246, 248, 249, 251, 252, 253, 254, 255, 258, 259, 261], "excluded_lines": []}, "wapitiCore/attack/mod_ldap.py": {"executed_lines": [], "summary": {"covered_lines": 0, "num_statements": 134, "percent_covered": 0.0, "percent_covered_display": "0", "missing_lines": 134, "excluded_lines": 0}, "missing_lines": [19, 20, 21, 22, 23, 24, 25, 27, 29, 30, 31, 32, 33, 34, 35, 38, 39, 40, 41, 42, 45, 48, 60, 104, 105, 106, 107, 108, 111, 112, 113, 114, 115, 118, 122, 124, 125, 126, 128, 130, 131, 132, 134, 136, 137, 138, 139, 141, 144, 147, 149, 155, 156, 158, 159, 161, 162, 163, 164, 165, 166, 170, 171, 173, 174, 175, 177, 178, 179, 180, 182, 186, 187, 189, 190, 192, 193, 194, 197, 198, 199, 200, 206, 208, 210, 211, 212, 213, 214, 215, 216, 219, 220, 221, 223, 228, 236, 237, 243, 244, 245, 248, 252, 253, 254, 255, 257, 259, 267, 268, 274, 275, 276, 277, 278, 279, 281, 283, 291, 292, 293, 294, 295, 297, 299, 300, 301, 307, 308, 309, 310, 311, 313, 315], "excluded_lines": []}, "wapitiCore/attack/mod_log4shell.py": {"executed_lines": [], "summary": {"covered_lines": 0, "num_statements": 201, "percent_covered": 0.0, "percent_covered_display": "0", "missing_lines": 201, "excluded_lines": 0}, "missing_lines": [20, 21, 22, 23, 24, 26, 27, 28, 29, 30, 31, 32, 35, 40, 41, 42, 44, 46, 47, 48, 49, 51, 52, 54, 55, 56, 57, 58, 59, 61, 62, 63, 64, 66, 67, 68, 70, 71, 73, 80, 81, 82, 84, 85, 86, 87, 88, 89, 90, 92, 94, 95, 97, 104, 111, 112, 113, 114, 115, 116, 118, 119, 120, 121, 122, 123, 125, 126, 127, 128, 130, 132, 133, 134, 135, 136, 137, 138, 140, 141, 145, 147, 149, 150, 151, 152, 153, 154, 155, 157, 158, 159, 161, 163, 164, 165, 166, 167, 168, 169, 171, 172, 174, 175, 177, 183, 184, 185, 186, 187, 188, 190, 191, 192, 194, 196, 198, 200, 201, 202, 203, 204, 205, 206, 208, 209, 210, 212, 213, 214, 215, 216, 217, 218, 219, 220, 222, 229, 230, 232, 234, 242, 243, 245, 246, 248, 255, 256, 257, 260, 268, 269, 277, 278, 281, 282, 284, 285, 286, 288, 296, 297, 298, 299, 301, 302, 303, 304, 305, 307, 308, 309, 310, 311, 312, 313, 314, 315, 317, 318, 319, 320, 323, 327, 328, 330, 331, 332, 333, 334, 336, 338, 343, 344, 346, 347, 349, 351, 359, 361, 364], "excluded_lines": []}, "wapitiCore/attack/mod_methods.py": {"executed_lines": [], "summary": {"covered_lines": 0, "num_statements": 91, "percent_covered": 0.0, "percent_covered_display": "0", "missing_lines": 91, "excluded_lines": 0}, "missing_lines": [20, 22, 24, 26, 27, 28, 31, 32, 33, 36, 37, 40, 42, 43, 46, 47, 49, 51, 53, 56, 58, 59, 61, 64, 69, 70, 71, 72, 73, 74, 75, 76, 78, 79, 83, 84, 86, 88, 89, 90, 92, 99, 100, 101, 102, 103, 105, 106, 107, 108, 110, 111, 112, 113, 114, 115, 117, 118, 119, 120, 122, 124, 126, 127, 128, 130, 131, 132, 133, 134, 136, 137, 139, 141, 142, 143, 149, 150, 151, 152, 154, 155, 156, 157, 158, 159, 160, 162, 163, 165, 170], "excluded_lines": []}, "wapitiCore/attack/mod_network_device.py": {"executed_lines": [], "summary": {"covered_lines": 0, "num_statements": 26, "percent_covered": 0.0, "percent_covered_display": "0", "missing_lines": 26, "excluded_lines": 0}, "missing_lines": [20, 22, 23, 24, 25, 26, 27, 28, 29, 32, 34, 36, 37, 38, 40, 41, 43, 44, 46, 48, 49, 50, 51, 52, 53, 56], "excluded_lines": []}, "wapitiCore/attack/mod_nikto.py": {"executed_lines": [], "summary": {"covered_lines": 0, "num_statements": 210, "percent_covered": 0.0, "percent_covered_display": "0", "missing_lines": 210, "excluded_lines": 0}, "missing_lines": [20, 21, 22, 23, 24, 25, 26, 28, 30, 31, 32, 33, 56, 61, 63, 64, 65, 67, 68, 70, 71, 72, 73, 76, 78, 79, 81, 82, 84, 86, 87, 88, 90, 91, 92, 94, 100, 101, 103, 104, 106, 107, 108, 110, 111, 113, 115, 118, 119, 121, 123, 124, 125, 126, 127, 129, 131, 133, 135, 136, 137, 138, 139, 140, 142, 143, 144, 145, 147, 148, 149, 151, 152, 154, 155, 156, 158, 159, 160, 161, 162, 164, 165, 167, 168, 170, 171, 173, 178, 179, 180, 181, 183, 185, 188, 189, 190, 193, 194, 195, 197, 200, 201, 202, 205, 206, 209, 210, 213, 214, 215, 216, 219, 221, 223, 264, 265, 268, 270, 271, 273, 274, 276, 278, 280, 281, 282, 283, 285, 286, 288, 290, 292, 293, 294, 295, 296, 297, 298, 299, 300, 301, 302, 303, 305, 307, 308, 309, 311, 313, 314, 315, 316, 318, 319, 321, 323, 331, 333, 334, 336, 339, 341, 342, 345, 346, 347, 348, 349, 352, 353, 354, 355, 356, 357, 360, 361, 362, 364, 366, 368, 370, 373, 374, 375, 377, 380, 381, 382, 384, 386, 388, 390, 392, 393, 395, 396, 398, 401, 403, 406, 407, 410, 418, 419, 420, 421, 422, 424, 426], "excluded_lines": []}, "wapitiCore/attack/mod_permanentxss.py": {"executed_lines": [], "summary": {"covered_lines": 0, "num_statements": 146, "percent_covered": 0.0, "percent_covered_display": "0", "missing_lines": 146, "excluded_lines": 0}, "missing_lines": [20, 21, 23, 25, 26, 27, 28, 29, 30, 31, 32, 33, 34, 35, 36, 39, 44, 45, 46, 50, 53, 55, 57, 59, 60, 61, 63, 64, 67, 69, 70, 72, 74, 76, 78, 79, 81, 82, 83, 84, 85, 86, 88, 91, 92, 96, 97, 99, 100, 102, 105, 109, 111, 121, 122, 123, 128, 132, 133, 135, 142, 143, 145, 147, 148, 155, 156, 158, 159, 160, 165, 167, 168, 169, 170, 172, 174, 176, 177, 178, 179, 180, 181, 184, 185, 186, 187, 188, 190, 197, 198, 200, 201, 202, 203, 204, 205, 207, 208, 209, 210, 211, 213, 214, 216, 218, 224, 225, 226, 227, 229, 230, 231, 232, 233, 235, 237, 251, 252, 253, 258, 263, 264, 266, 274, 275, 277, 279, 281, 288, 289, 291, 292, 293, 296, 298, 299, 300, 302, 304, 312, 313, 314, 315, 316, 317], "excluded_lines": []}, "wapitiCore/attack/mod_redirect.py": {"executed_lines": [], "summary": {"covered_lines": 0, "num_statements": 39, "percent_covered": 0.0, "percent_covered_display": "0", "missing_lines": 39, "excluded_lines": 0}, "missing_lines": [20, 21, 23, 25, 26, 27, 28, 29, 30, 31, 34, 38, 39, 40, 41, 43, 44, 45, 47, 48, 50, 54, 56, 57, 58, 59, 60, 62, 63, 64, 65, 73, 74, 76, 78, 79, 85, 86, 87], "excluded_lines": []}, "wapitiCore/attack/mod_shellshock.py": {"executed_lines": [], "summary": {"covered_lines": 0, "num_statements": 41, "percent_covered": 0.0, "percent_covered_display": "0", "missing_lines": 41, "excluded_lines": 0}, "missing_lines": [20, 21, 22, 23, 25, 27, 28, 29, 30, 33, 38, 40, 41, 43, 44, 45, 47, 48, 49, 50, 51, 53, 55, 61, 62, 63, 66, 68, 69, 70, 73, 75, 76, 77, 78, 79, 81, 82, 83, 84, 86], "excluded_lines": []}, "wapitiCore/attack/mod_spring4shell.py": {"executed_lines": [], "summary": {"covered_lines": 0, "num_statements": 51, "percent_covered": 0.0, "percent_covered_display": "0", "missing_lines": 51, "excluded_lines": 0}, "missing_lines": [20, 22, 23, 24, 25, 26, 27, 30, 34, 36, 37, 41, 42, 44, 45, 46, 48, 49, 50, 52, 53, 54, 56, 57, 59, 60, 62, 63, 65, 72, 73, 74, 75, 76, 77, 78, 79, 80, 81, 82, 83, 84, 86, 87, 94, 95, 96, 97, 99, 100, 101], "excluded_lines": []}, "wapitiCore/attack/mod_sql.py": {"executed_lines": [], "summary": {"covered_lines": 0, "num_statements": 169, "percent_covered": 0.0, "percent_covered_display": "0", "missing_lines": 169, "excluded_lines": 0}, "missing_lines": [20, 21, 22, 23, 24, 26, 27, 29, 30, 31, 32, 33, 34, 35, 36, 39, 40, 41, 42, 43, 47, 252, 254, 255, 256, 260, 261, 266, 267, 268, 269, 272, 283, 284, 285, 288, 300, 302, 303, 304, 305, 308, 317, 318, 319, 322, 325, 329, 330, 331, 332, 334, 335, 336, 337, 339, 340, 341, 342, 343, 345, 346, 347, 349, 350, 351, 353, 354, 355, 356, 357, 358, 360, 364, 366, 367, 368, 370, 372, 374, 375, 376, 377, 379, 380, 382, 383, 385, 387, 395, 396, 402, 403, 404, 407, 408, 410, 411, 412, 413, 415, 417, 425, 426, 427, 428, 429, 431, 433, 434, 435, 436, 437, 439, 440, 441, 442, 443, 444, 445, 446, 448, 449, 450, 451, 452, 454, 460, 462, 463, 464, 465, 466, 467, 469, 472, 474, 476, 477, 479, 480, 482, 484, 492, 493, 499, 500, 501, 504, 505, 507, 509, 510, 511, 513, 515, 517, 519, 521, 522, 523, 524, 526, 527, 529, 530, 536, 537, 538], "excluded_lines": []}, "wapitiCore/attack/mod_ssl.py": {"executed_lines": [], "summary": {"covered_lines": 0, "num_statements": 274, "percent_covered": 0.0, "percent_covered_display": "0", "missing_lines": 274, "excluded_lines": 0}, "missing_lines": [19, 20, 21, 22, 23, 24, 25, 26, 27, 28, 29, 30, 31, 32, 34, 35, 36, 37, 38, 40, 41, 42, 43, 44, 47, 48, 49, 50, 51, 53, 56, 57, 58, 59, 60, 62, 65, 69, 70, 71, 72, 75, 76, 77, 78, 79, 83, 84, 85, 88, 89, 90, 91, 92, 93, 96, 97, 100, 102, 103, 106, 107, 108, 110, 113, 114, 115, 118, 119, 120, 122, 125, 126, 127, 128, 129, 131, 132, 133, 134, 135, 136, 138, 140, 141, 142, 144, 145, 146, 147, 149, 150, 151, 152, 154, 155, 156, 158, 159, 162, 163, 165, 166, 167, 168, 169, 170, 172, 173, 174, 177, 178, 179, 181, 183, 184, 187, 188, 189, 190, 191, 192, 194, 199, 201, 202, 205, 208, 210, 211, 212, 213, 214, 215, 216, 218, 219, 221, 222, 225, 226, 227, 229, 230, 231, 232, 233, 234, 235, 236, 237, 240, 241, 242, 243, 244, 245, 247, 248, 249, 250, 252, 253, 254, 255, 257, 258, 259, 260, 262, 263, 264, 265, 266, 267, 268, 269, 270, 271, 274, 276, 278, 279, 281, 282, 284, 285, 286, 287, 289, 290, 292, 293, 295, 296, 298, 299, 301, 302, 304, 305, 307, 308, 309, 311, 312, 313, 320, 324, 325, 326, 327, 328, 330, 334, 335, 338, 339, 340, 341, 342, 343, 344, 345, 347, 348, 350, 351, 352, 353, 356, 357, 358, 359, 361, 362, 363, 364, 365, 366, 367, 368, 369, 371, 372, 373, 374, 376, 377, 378, 379, 380, 381, 382, 383, 385, 386, 387, 389, 390, 391, 392, 393, 394, 395, 396, 397, 398, 399, 400, 401, 402, 403, 404], "excluded_lines": []}, "wapitiCore/attack/mod_ssrf.py": {"executed_lines": [], "summary": {"covered_lines": 0, "num_statements": 66, "percent_covered": 0.0, "percent_covered_display": "0", "missing_lines": 66, "excluded_lines": 0}, "missing_lines": [20, 21, 22, 24, 26, 27, 28, 29, 30, 31, 33, 36, 41, 42, 44, 45, 46, 48, 57, 58, 60, 62, 68, 70, 73, 74, 76, 77, 78, 79, 80, 82, 83, 84, 85, 87, 88, 89, 90, 91, 92, 94, 95, 96, 97, 98, 99, 101, 102, 103, 105, 106, 108, 109, 110, 113, 114, 116, 123, 130, 135, 143, 144, 151, 152, 153], "excluded_lines": []}, "wapitiCore/attack/mod_takeover.py": {"executed_lines": [], "summary": {"covered_lines": 0, "num_statements": 229, "percent_covered": 0.0, "percent_covered_display": "0", "missing_lines": 229, "excluded_lines": 0}, "missing_lines": [21, 22, 23, 24, 25, 26, 27, 28, 29, 31, 32, 33, 34, 35, 36, 37, 39, 40, 41, 42, 43, 46, 48, 49, 51, 52, 53, 55, 58, 59, 61, 64, 65, 66, 67, 68, 69, 70, 71, 73, 74, 75, 76, 77, 82, 83, 84, 85, 86, 87, 89, 91, 93, 96, 99, 102, 103, 104, 107, 108, 110, 111, 113, 114, 115, 118, 121, 122, 124, 125, 126, 127, 130, 131, 132, 133, 136, 137, 140, 141, 142, 143, 146, 147, 149, 152, 154, 155, 156, 157, 158, 159, 160, 163, 165, 166, 167, 174, 175, 176, 177, 178, 181, 183, 184, 185, 186, 187, 188, 189, 192, 194, 195, 196, 197, 198, 200, 201, 202, 203, 204, 205, 206, 207, 210, 211, 212, 213, 214, 217, 219, 220, 221, 223, 224, 225, 226, 234, 235, 238, 240, 243, 245, 247, 248, 249, 250, 252, 253, 254, 255, 257, 258, 259, 261, 262, 264, 265, 267, 268, 269, 270, 272, 273, 275, 276, 277, 278, 279, 281, 284, 285, 286, 287, 288, 289, 291, 293, 294, 295, 296, 297, 298, 300, 301, 302, 304, 305, 306, 307, 309, 311, 312, 314, 315, 316, 317, 319, 320, 321, 322, 324, 330, 331, 332, 333, 335, 336, 337, 339, 340, 341, 345, 347, 348, 349, 350, 351, 352, 353, 354, 355, 357, 358, 360, 361, 362, 363, 364], "excluded_lines": []}, "wapitiCore/attack/mod_timesql.py": {"executed_lines": [], "summary": {"covered_lines": 0, "num_statements": 72, "percent_covered": 0.0, "percent_covered_display": "0", "missing_lines": 72, "excluded_lines": 0}, "missing_lines": [20, 21, 22, 24, 26, 27, 28, 29, 30, 31, 32, 33, 36, 40, 41, 42, 44, 46, 47, 48, 49, 51, 53, 54, 55, 57, 59, 60, 61, 62, 63, 65, 67, 69, 70, 71, 73, 75, 77, 78, 79, 81, 82, 83, 84, 86, 87, 88, 90, 91, 93, 100, 101, 107, 108, 109, 112, 113, 114, 115, 116, 118, 119, 120, 121, 123, 125, 133, 134, 135, 136, 137], "excluded_lines": []}, "wapitiCore/attack/mod_upload.py": {"executed_lines": [], "summary": {"covered_lines": 0, "num_statements": 94, "percent_covered": 0.0, "percent_covered_display": "0", "missing_lines": 94, "excluded_lines": 0}, "missing_lines": [20, 21, 23, 25, 26, 27, 28, 29, 30, 31, 32, 33, 35, 38, 40, 41, 42, 43, 44, 45, 48, 50, 51, 52, 53, 54, 56, 57, 59, 62, 63, 64, 65, 66, 68, 69, 70, 71, 73, 74, 76, 77, 78, 80, 81, 83, 84, 86, 87, 89, 98, 105, 107, 109, 110, 111, 112, 113, 114, 115, 117, 118, 119, 121, 123, 127, 128, 129, 130, 131, 132, 134, 135, 142, 143, 149, 150, 151, 152, 154, 156, 157, 158, 159, 160, 161, 163, 164, 174, 175, 181, 182, 183, 184], "excluded_lines": []}, "wapitiCore/attack/mod_wapp.py": {"executed_lines": [], "summary": {"covered_lines": 0, "num_statements": 365, "percent_covered": 0.0, "percent_covered_display": "0", "missing_lines": 365, "excluded_lines": 0}, "missing_lines": [19, 20, 21, 22, 23, 24, 25, 26, 28, 29, 31, 32, 34, 37, 38, 39, 40, 41, 42, 43, 44, 45, 46, 47, 49, 50, 51, 52, 54, 55, 57, 76, 77, 78, 79, 80, 83, 84, 85, 86, 87, 88, 89, 90, 91, 94, 96, 99, 100, 103, 106, 107, 109, 110, 111, 112, 113, 114, 117, 118, 121, 122, 124, 125, 126, 128, 129, 130, 131, 132, 134, 135, 138, 143, 145, 146, 147, 148, 149, 150, 151, 153, 155, 156, 157, 158, 159, 161, 163, 167, 169, 170, 171, 174, 176, 177, 178, 179, 180, 182, 183, 184, 186, 188, 189, 191, 193, 195, 196, 199, 201, 202, 203, 205, 206, 207, 208, 209, 211, 212, 213, 214, 215, 217, 218, 220, 221, 222, 223, 224, 226, 227, 228, 229, 231, 232, 233, 236, 237, 242, 243, 244, 245, 246, 247, 248, 249, 251, 252, 253, 255, 256, 258, 260, 261, 262, 263, 264, 265, 267, 268, 269, 270, 272, 273, 274, 275, 276, 277, 278, 279, 280, 282, 284, 285, 287, 289, 290, 291, 292, 294, 295, 296, 297, 298, 300, 301, 308, 309, 310, 317, 324, 325, 327, 328, 329, 330, 331, 332, 334, 342, 343, 344, 345, 346, 347, 349, 351, 352, 353, 354, 355, 356, 358, 363, 364, 366, 367, 369, 372, 373, 375, 376, 377, 378, 379, 381, 382, 384, 386, 387, 388, 389, 390, 391, 392, 394, 395, 396, 398, 399, 401, 402, 404, 405, 406, 407, 408, 409, 412, 413, 414, 416, 417, 418, 420, 422, 423, 424, 425, 426, 428, 429, 432, 435, 436, 438, 440, 444, 445, 446, 447, 448, 449, 451, 457, 458, 461, 462, 463, 464, 465, 466, 467, 469, 470, 471, 472, 473, 479, 480, 494, 495, 497, 498, 499, 500, 501, 502, 503, 504, 505, 506, 507, 508, 509, 510, 511, 512, 513, 515, 516, 518, 519, 520, 521, 522, 523, 524, 525, 526, 527, 528, 529, 530, 532, 533, 534, 535, 536, 538, 540, 542, 544, 545, 546, 549, 550, 551, 553, 555, 556, 557, 558, 559, 561, 563, 565, 566, 567, 568, 571, 572, 573, 574, 577, 578, 579, 580, 581, 582, 583, 586, 587, 589], "excluded_lines": []}, "wapitiCore/attack/mod_wp_enum.py": {"executed_lines": [], "summary": {"covered_lines": 0, "num_statements": 141, "percent_covered": 0.0, "percent_covered_display": "0", "missing_lines": 141, "excluded_lines": 0}, "missing_lines": [20, 21, 22, 23, 24, 25, 26, 28, 29, 30, 31, 32, 33, 35, 36, 37, 40, 42, 43, 44, 45, 47, 48, 49, 50, 51, 52, 53, 54, 55, 57, 58, 59, 61, 62, 67, 68, 69, 70, 72, 73, 78, 79, 80, 81, 83, 84, 85, 87, 88, 89, 91, 92, 93, 94, 95, 96, 98, 99, 101, 102, 103, 104, 106, 107, 109, 110, 111, 113, 114, 116, 120, 122, 123, 124, 130, 136, 137, 138, 139, 140, 141, 142, 144, 145, 148, 149, 151, 153, 155, 161, 166, 172, 173, 179, 184, 191, 192, 193, 194, 195, 196, 197, 199, 200, 202, 203, 205, 207, 214, 216, 221, 227, 228, 234, 239, 246, 247, 248, 249, 250, 252, 253, 254, 256, 257, 258, 260, 261, 262, 264, 265, 266, 267, 268, 269, 270, 271, 272, 273, 275], "excluded_lines": []}, "wapitiCore/attack/mod_xss.py": {"executed_lines": [], "summary": {"covered_lines": 0, "num_statements": 106, "percent_covered": 0.0, "percent_covered_display": "0", "missing_lines": 106, "excluded_lines": 0}, "missing_lines": [20, 21, 23, 25, 26, 27, 28, 29, 30, 31, 32, 33, 34, 35, 36, 39, 40, 43, 46, 55, 56, 59, 61, 63, 65, 66, 67, 68, 69, 70, 71, 73, 79, 80, 81, 83, 84, 89, 90, 91, 92, 94, 98, 103, 105, 112, 113, 114, 115, 117, 119, 122, 125, 126, 127, 129, 136, 140, 142, 143, 144, 145, 146, 147, 149, 150, 151, 152, 153, 155, 156, 158, 160, 166, 167, 168, 170, 171, 184, 185, 186, 187, 188, 190, 198, 199, 201, 203, 204, 211, 212, 214, 215, 216, 219, 221, 222, 223, 225, 227, 235, 236, 237, 238, 239, 240], "excluded_lines": []}, "wapitiCore/attack/mod_xxe.py": {"executed_lines": [], "summary": {"covered_lines": 0, "num_statements": 239, "percent_covered": 0.0, "percent_covered_display": "0", "missing_lines": 239, "excluded_lines": 0}, "missing_lines": [20, 21, 22, 23, 24, 26, 28, 29, 30, 31, 32, 33, 34, 35, 36, 39, 40, 41, 42, 43, 46, 49, 50, 51, 53, 55, 56, 57, 58, 59, 60, 62, 64, 65, 66, 67, 68, 70, 72, 73, 74, 75, 76, 78, 80, 86, 87, 88, 89, 90, 91, 93, 95, 96, 97, 98, 99, 101, 102, 103, 104, 105, 106, 108, 109, 110, 112, 113, 115, 116, 117, 118, 120, 121, 123, 124, 125, 127, 129, 131, 132, 133, 134, 135, 136, 138, 139, 140, 141, 142, 144, 145, 147, 149, 155, 156, 157, 158, 160, 161, 163, 164, 166, 168, 176, 177, 183, 184, 185, 188, 189, 191, 192, 193, 194, 196, 198, 206, 207, 208, 209, 210, 212, 213, 214, 215, 216, 217, 219, 221, 222, 223, 224, 225, 227, 228, 229, 237, 238, 243, 244, 245, 246, 247, 249, 250, 251, 252, 254, 255, 257, 258, 259, 261, 263, 265, 266, 267, 268, 270, 271, 272, 280, 281, 287, 288, 289, 290, 291, 293, 294, 295, 296, 298, 299, 300, 301, 302, 303, 305, 306, 307, 309, 310, 311, 312, 314, 315, 316, 318, 319, 321, 322, 323, 324, 326, 327, 328, 329, 331, 333, 335, 340, 345, 347, 348, 349, 350, 351, 352, 353, 354, 357, 359, 360, 366, 367, 371, 372, 379, 380, 382, 383, 385, 389, 390, 392, 393, 395, 396, 397, 399, 400, 402, 409, 410, 411, 412, 413], "excluded_lines": []}, "wapitiCore/attack/modules/__init__.py": {"executed_lines": [], "summary": {"covered_lines": 0, "num_statements": 0, "percent_covered": 100.0, "percent_covered_display": "100", "missing_lines": 0, "excluded_lines": 0}, "missing_lines": [], "excluded_lines": []}, "wapitiCore/attack/modules/core.py": {"executed_lines": [], "summary": {"covered_lines": 0, "num_statements": 46, "percent_covered": 0.0, "percent_covered_display": "0", "missing_lines": 46, "excluded_lines": 0}, "missing_lines": [1, 3, 6, 21, 25, 27, 28, 29, 30, 32, 33, 34, 35, 37, 38, 40, 41, 42, 44, 46, 47, 48, 49, 50, 54, 56, 57, 58, 60, 62, 66, 68, 70, 73, 74, 77, 78, 82, 87, 89, 92, 99, 102, 142, 162, 171], "excluded_lines": []}, "wapitiCore/attack/modules/passive/__init__.py": {"executed_lines": [], "summary": {"covered_lines": 0, "num_statements": 0, "percent_covered": 100.0, "percent_covered_display": "100", "missing_lines": 0, "excluded_lines": 0}, "missing_lines": [], "excluded_lines": []}, "wapitiCore/attack/modules/passive/mod_cookie_flags.py": {"executed_lines": [], "summary": {"covered_lines": 0, "num_statements": 55, "percent_covered": 0.0, "percent_covered_display": "0", "missing_lines": 55, "excluded_lines": 0}, "missing_lines": [17, 18, 20, 21, 22, 23, 24, 25, 27, 28, 31, 37, 38, 40, 43, 46, 47, 48, 49, 51, 54, 56, 57, 60, 61, 62, 64, 65, 66, 67, 68, 69, 75, 76, 78, 80, 83, 88, 90, 94, 96, 102, 104, 111, 112, 113, 114, 115, 116, 125, 126, 127, 128, 129, 130], "excluded_lines": []}, "wapitiCore/attack/modules/passive/mod_csp.py": {"executed_lines": [], "summary": {"covered_lines": 0, "num_statements": 58, "percent_covered": 0.0, "percent_covered_display": "0", "missing_lines": 58, "excluded_lines": 0}, "missing_lines": [19, 21, 22, 23, 29, 30, 31, 33, 34, 35, 36, 39, 43, 45, 48, 50, 54, 55, 57, 59, 60, 62, 63, 64, 65, 73, 76, 77, 78, 79, 80, 81, 82, 83, 92, 93, 95, 96, 98, 99, 101, 103, 104, 106, 108, 109, 110, 112, 114, 115, 117, 119, 121, 122, 123, 124, 125, 126], "excluded_lines": []}, "wapitiCore/attack/modules/passive/mod_http_headers.py": {"executed_lines": [], "summary": {"covered_lines": 0, "num_statements": 55, "percent_covered": 0.0, "percent_covered_display": "0", "missing_lines": 55, "excluded_lines": 0}, "missing_lines": [18, 19, 21, 22, 23, 24, 25, 26, 27, 29, 30, 31, 32, 33, 34, 37, 41, 43, 44, 45, 47, 65, 66, 69, 70, 71, 73, 74, 75, 76, 77, 79, 91, 93, 94, 95, 97, 98, 99, 100, 107, 108, 109, 110, 111, 112, 113, 121, 124, 128, 131, 132, 134, 142, 143], "excluded_lines": []}, "wapitiCore/attack/modules/passive/mod_https_redirect.py": {"executed_lines": [], "summary": {"covered_lines": 0, "num_statements": 62, "percent_covered": 0.0, "percent_covered_display": "0", "missing_lines": 62, "excluded_lines": 0}, "missing_lines": [21, 22, 24, 25, 26, 27, 28, 29, 32, 34, 36, 37, 38, 42, 45, 46, 47, 48, 50, 52, 56, 57, 59, 64, 65, 66, 67, 68, 69, 70, 71, 73, 75, 79, 80, 82, 83, 85, 86, 87, 88, 89, 91, 93, 94, 95, 98, 99, 100, 101, 102, 103, 105, 106, 108, 109, 116, 118, 119, 120, 121, 122], "excluded_lines": []}, "wapitiCore/attack/modules/passive/mod_inconsistent_redirection.py": {"executed_lines": [], "summary": {"covered_lines": 0, "num_statements": 26, "percent_covered": 0.0, "percent_covered_display": "0", "missing_lines": 26, "excluded_lines": 0}, "missing_lines": [1, 3, 4, 5, 7, 8, 9, 12, 18, 20, 22, 24, 25, 26, 28, 29, 31, 32, 35, 36, 37, 40, 41, 43, 45, 49], "excluded_lines": []}, "wapitiCore/attack/modules/passive/mod_information_disclosure.py": {"executed_lines": [], "summary": {"covered_lines": 0, "num_statements": 24, "percent_covered": 0.0, "percent_covered_display": "0", "missing_lines": 24, "excluded_lines": 0}, "missing_lines": [1, 2, 4, 5, 6, 8, 9, 11, 28, 34, 36, 38, 40, 43, 44, 46, 49, 51, 52, 53, 54, 56, 58, 59], "excluded_lines": []}, "wapitiCore/attack/modules/passive/mod_unsecure_password.py": {"executed_lines": [], "summary": {"covered_lines": 0, "num_statements": 23, "percent_covered": 0.0, "percent_covered_display": "0", "missing_lines": 23, "excluded_lines": 0}, "missing_lines": [1, 3, 4, 5, 7, 8, 9, 12, 16, 18, 19, 21, 22, 23, 24, 25, 26, 27, 29, 30, 32, 33, 38], "excluded_lines": []}, "wapitiCore/attack/passive_scanner.py": {"executed_lines": [], "summary": {"covered_lines": 0, "num_statements": 43, "percent_covered": 0.0, "percent_covered_display": "0", "missing_lines": 43, "excluded_lines": 0}, "missing_lines": [1, 2, 3, 5, 6, 7, 8, 9, 10, 11, 14, 15, 16, 17, 18, 19, 21, 22, 24, 25, 26, 27, 28, 29, 30, 31, 33, 34, 36, 38, 39, 40, 42, 44, 45, 47, 48, 49, 50, 52, 53, 55, 56], "excluded_lines": []}, "wapitiCore/controller/__init__.py": {"executed_lines": [], "summary": {"covered_lines": 0, "num_statements": 0, "percent_covered": 100.0, "percent_covered_display": "100", "missing_lines": 0, "excluded_lines": 0}, "missing_lines": [], "excluded_lines": []}, "wapitiCore/controller/exceptions.py": {"executed_lines": [], "summary": {"covered_lines": 0, "num_statements": 7, "percent_covered": 0.0, "percent_covered_display": "0", "missing_lines": 7, "excluded_lines": 0}, "missing_lines": [20, 21, 22, 23, 24, 26, 27], "excluded_lines": []}, "wapitiCore/controller/wapiti.py": {"executed_lines": [], "summary": {"covered_lines": 0, "num_statements": 268, "percent_covered": 0.0, "percent_covered_display": "0", "missing_lines": 268, "excluded_lines": 0}, "missing_lines": [20, 21, 22, 23, 24, 25, 26, 27, 28, 29, 31, 33, 34, 35, 36, 37, 38, 39, 40, 41, 42, 43, 44, 45, 47, 57, 61, 62, 63, 65, 66, 67, 69, 72, 74, 75, 76, 78, 79, 81, 82, 83, 84, 85, 86, 87, 88, 89, 90, 91, 92, 93, 94, 95, 96, 97, 98, 100, 101, 103, 104, 106, 107, 109, 114, 115, 117, 118, 119, 121, 122, 123, 124, 126, 132, 140, 141, 142, 144, 145, 146, 148, 149, 151, 152, 153, 155, 156, 158, 170, 171, 179, 180, 188, 189, 197, 198, 199, 200, 201, 202, 203, 205, 207, 208, 210, 212, 216, 217, 219, 220, 222, 224, 225, 226, 228, 230, 232, 233, 234, 236, 249, 251, 252, 253, 254, 255, 256, 258, 260, 261, 265, 266, 267, 268, 270, 272, 275, 277, 279, 280, 281, 282, 284, 285, 287, 288, 289, 299, 300, 310, 311, 322, 323, 324, 325, 326, 327, 329, 331, 333, 335, 337, 339, 341, 342, 344, 346, 348, 349, 351, 353, 354, 355, 356, 360, 362, 363, 365, 367, 368, 369, 371, 373, 375, 377, 379, 381, 383, 384, 385, 387, 389, 390, 391, 392, 393, 395, 397, 398, 399, 400, 401, 402, 405, 406, 407, 409, 411, 412, 414, 416, 418, 421, 423, 425, 427, 428, 430, 431, 433, 434, 436, 437, 439, 441, 442, 444, 445, 449, 451, 452, 457, 459, 461, 463, 465, 466, 467, 469, 471, 472, 474, 475, 476, 477, 478, 479, 481, 482, 483, 484, 485, 486, 488, 489, 491, 492, 494, 495, 497, 498, 504, 505, 506, 508, 509, 510], "excluded_lines": []}, "wapitiCore/definitions/__init__.py": {"executed_lines": [1, 2, 3, 4, 6, 8, 9, 10, 13, 15, 16, 17, 18, 19, 21, 22, 23, 24, 25, 26, 27, 28, 31], "summary": {"covered_lines": 23, "num_statements": 27, "percent_covered": 85.18518518518519, "percent_covered_display": "85", "missing_lines": 4, "excluded_lines": 0}, "missing_lines": [32, 33, 34, 35], "excluded_lines": []}, "wapitiCore/definitions/backup.py": {"executed_lines": [3, 22, 25, 26, 27, 30, 31, 39, 40, 56, 57, 63, 64, 67, 68, 69, 71, 72], "summary": {"covered_lines": 18, "num_statements": 24, "percent_covered": 75.0, "percent_covered_display": "75", "missing_lines": 6, "excluded_lines": 0}, "missing_lines": [28, 32, 41, 58, 65, 73], "excluded_lines": []}, "wapitiCore/definitions/base.py": {"executed_lines": [1, 2, 5, 6, 8, 9, 10, 13, 14, 15, 18, 19, 20, 23, 24, 25, 28, 29, 30, 33, 34, 35, 38, 39, 40, 43, 47, 48, 50, 51, 52, 55, 56, 58, 59, 60, 63, 64, 66, 67, 68], "summary": {"covered_lines": 37, "num_statements": 45, "percent_covered": 82.22222222222223, "percent_covered_display": "82", "missing_lines": 8, "excluded_lines": 0}, "missing_lines": [11, 16, 21, 26, 31, 36, 41, 44], "excluded_lines": []}, "wapitiCore/definitions/buster.py": {"executed_lines": [20, 22, 25, 26, 27, 30, 31, 36, 37, 48, 49, 54, 55, 58, 59, 60, 62, 63], "summary": {"covered_lines": 18, "num_statements": 24, "percent_covered": 75.0, "percent_covered_display": "75", "missing_lines": 6, "excluded_lines": 0}, "missing_lines": [28, 32, 38, 50, 56, 64], "excluded_lines": []}, "wapitiCore/definitions/cleartext_password_submission.py": {"executed_lines": [1, 3, 6, 7, 8, 11, 12, 19, 20, 40, 41, 49, 50, 53, 54, 55, 57, 58], "summary": {"covered_lines": 18, "num_statements": 24, "percent_covered": 75.0, "percent_covered_display": "75", "missing_lines": 6, "excluded_lines": 0}, "missing_lines": [9, 13, 21, 42, 51, 60], "excluded_lines": []}, "wapitiCore/definitions/credentials.py": {"executed_lines": [21, 23, 26, 27, 28, 31, 32, 38, 39, 58, 59, 66, 67, 70, 71, 72, 74, 75], "summary": {"covered_lines": 18, "num_statements": 24, "percent_covered": 75.0, "percent_covered_display": "75", "missing_lines": 6, "excluded_lines": 0}, "missing_lines": [29, 33, 40, 60, 68, 76], "excluded_lines": []}, "wapitiCore/definitions/crlf.py": {"executed_lines": [21, 23, 26, 27, 28, 31, 32, 41, 42, 66, 67, 72, 73, 76, 77, 78, 80, 81], "summary": {"covered_lines": 18, "num_statements": 24, "percent_covered": 75.0, "percent_covered_display": "75", "missing_lines": 6, "excluded_lines": 0}, "missing_lines": [29, 33, 43, 68, 74, 82], "excluded_lines": []}, "wapitiCore/definitions/csp.py": {"executed_lines": [21, 23, 26, 27, 28, 31, 32, 38, 39, 67, 68, 74, 75, 78, 79, 80, 82, 83], "summary": {"covered_lines": 18, "num_statements": 24, "percent_covered": 75.0, "percent_covered_display": "75", "missing_lines": 6, "excluded_lines": 0}, "missing_lines": [29, 33, 40, 69, 76, 84], "excluded_lines": []}, "wapitiCore/definitions/csrf.py": {"executed_lines": [21, 23, 26, 27, 28, 31, 32, 38, 39, 62, 63, 71, 72, 75, 76, 77, 79, 80], "summary": {"covered_lines": 18, "num_statements": 24, "percent_covered": 75.0, "percent_covered_display": "75", "missing_lines": 6, "excluded_lines": 0}, "missing_lines": [29, 33, 40, 64, 73, 81], "excluded_lines": []}, "wapitiCore/definitions/dangerous_resource.py": {"executed_lines": [21, 23, 26, 27, 28, 31, 32, 35, 36, 52, 53, 56, 57, 60, 61, 62, 64, 65], "summary": {"covered_lines": 18, "num_statements": 24, "percent_covered": 75.0, "percent_covered_display": "75", "missing_lines": 6, "excluded_lines": 0}, "missing_lines": [29, 33, 37, 54, 58, 66], "excluded_lines": []}, "wapitiCore/definitions/exec.py": {"executed_lines": [21, 23, 26, 27, 28, 31, 32, 39, 40, 58, 59, 64, 65, 68, 69, 70, 72, 73], "summary": {"covered_lines": 18, "num_statements": 24, "percent_covered": 75.0, "percent_covered_display": "75", "missing_lines": 6, "excluded_lines": 0}, "missing_lines": [29, 33, 41, 60, 66, 74], "excluded_lines": []}, "wapitiCore/definitions/file.py": {"executed_lines": [21, 23, 26, 27, 28, 31, 32, 42, 43, 63, 64, 75, 76, 79, 80, 81, 83, 84], "summary": {"covered_lines": 18, "num_statements": 24, "percent_covered": 75.0, "percent_covered_display": "75", "missing_lines": 6, "excluded_lines": 0}, "missing_lines": [29, 33, 44, 65, 77, 85], "excluded_lines": []}, "wapitiCore/definitions/fingerprint.py": {"executed_lines": [21, 23, 26, 27, 28, 31, 32, 35, 36, 55, 56, 59, 60, 64, 65], "summary": {"covered_lines": 15, "num_statements": 21, "percent_covered": 71.42857142857143, "percent_covered_display": "71", "missing_lines": 6, "excluded_lines": 0}, "missing_lines": [29, 33, 37, 57, 61, 66], "excluded_lines": []}, "wapitiCore/definitions/fingerprint_webapp.py": {"executed_lines": [20, 22, 25, 26, 27, 30, 31, 37, 38, 50, 51, 54, 55, 58, 59, 60, 62, 63], "summary": {"covered_lines": 18, "num_statements": 24, "percent_covered": 75.0, "percent_covered_display": "75", "missing_lines": 6, "excluded_lines": 0}, "missing_lines": [28, 32, 39, 52, 56, 64], "excluded_lines": []}, "wapitiCore/definitions/fingerprint_webserver.py": {"executed_lines": [20, 22, 25, 26, 27, 30, 31, 34, 35, 46, 47, 50, 51, 54, 55, 56, 58, 59], "summary": {"covered_lines": 18, "num_statements": 24, "percent_covered": 75.0, "percent_covered_display": "75", "missing_lines": 6, "excluded_lines": 0}, "missing_lines": [28, 32, 36, 48, 52, 60], "excluded_lines": []}, "wapitiCore/definitions/htaccess.py": {"executed_lines": [21, 23, 26, 27, 28, 31, 32, 38, 39, 59, 60, 65, 66, 69, 70, 71, 73, 74], "summary": {"covered_lines": 18, "num_statements": 24, "percent_covered": 75.0, "percent_covered_display": "75", "missing_lines": 6, "excluded_lines": 0}, "missing_lines": [29, 33, 40, 61, 67, 75], "excluded_lines": []}, "wapitiCore/definitions/html_injection.py": {"executed_lines": [20, 22, 25, 26, 27, 30, 31, 38, 39, 58, 59, 68, 69, 72, 73, 74, 76, 77], "summary": {"covered_lines": 18, "num_statements": 24, "percent_covered": 75.0, "percent_covered_display": "75", "missing_lines": 6, "excluded_lines": 0}, "missing_lines": [28, 32, 40, 60, 70, 78], "excluded_lines": []}, "wapitiCore/definitions/http_headers.py": {"executed_lines": [21, 23, 26, 27, 28, 31, 32, 38, 39, 54, 55, 58, 59, 62, 63, 64, 66, 67, 71, 72, 73, 76, 77, 83, 84, 96, 97, 100, 101, 104, 105, 106, 108, 109, 113, 114, 115, 118, 119, 125, 126, 143, 144, 147, 148, 151, 152, 153, 155, 156], "summary": {"covered_lines": 50, "num_statements": 68, "percent_covered": 73.52941176470588, "percent_covered_display": "74", "missing_lines": 18, "excluded_lines": 0}, "missing_lines": [29, 33, 40, 56, 60, 68, 74, 78, 85, 98, 102, 110, 116, 120, 127, 145, 149, 157], "excluded_lines": []}, "wapitiCore/definitions/http_only.py": {"executed_lines": [21, 23, 26, 27, 28, 31, 32, 39, 40, 56, 57, 60, 61, 64, 65, 66, 68, 69], "summary": {"covered_lines": 18, "num_statements": 24, "percent_covered": 75.0, "percent_covered_display": "75", "missing_lines": 6, "excluded_lines": 0}, "missing_lines": [29, 33, 41, 58, 62, 70], "excluded_lines": []}, "wapitiCore/definitions/https_redirect.py": {"executed_lines": [20, 22, 25, 26, 27, 30, 31, 36, 37, 57, 58, 61, 62, 65, 66, 67, 69, 70], "summary": {"covered_lines": 18, "num_statements": 24, "percent_covered": 75.0, "percent_covered_display": "75", "missing_lines": 6, "excluded_lines": 0}, "missing_lines": [28, 32, 38, 59, 63, 71], "excluded_lines": []}, "wapitiCore/definitions/inconsistent_redirection.py": {"executed_lines": [1, 3, 6, 7, 8, 11, 12, 21, 22, 42, 43, 50, 51, 54, 55, 56, 58, 59], "summary": {"covered_lines": 18, "num_statements": 24, "percent_covered": 75.0, "percent_covered_display": "75", "missing_lines": 6, "excluded_lines": 0}, "missing_lines": [9, 13, 23, 44, 52, 60], "excluded_lines": []}, "wapitiCore/definitions/information_disclosure.py": {"executed_lines": [1, 3, 6, 7, 8, 11, 12, 20, 21, 41, 42, 50, 51, 54, 55, 56, 58, 59], "summary": {"covered_lines": 18, "num_statements": 24, "percent_covered": 75.0, "percent_covered_display": "75", "missing_lines": 6, "excluded_lines": 0}, "missing_lines": [9, 13, 22, 43, 52, 60], "excluded_lines": []}, "wapitiCore/definitions/internal_error.py": {"executed_lines": [21, 23, 24, 25, 26, 27, 29, 30, 31, 36, 37, 38, 57, 58, 59, 61, 62, 65, 66, 67], "summary": {"covered_lines": 20, "num_statements": 21, "percent_covered": 95.23809523809524, "percent_covered_display": "95", "missing_lines": 1, "excluded_lines": 0}, "missing_lines": [63], "excluded_lines": []}, "wapitiCore/definitions/ldapi.py": {"executed_lines": [20, 22, 25, 26, 27, 30, 31, 41, 42, 58, 59, 65, 66, 69, 70, 71, 73, 74], "summary": {"covered_lines": 18, "num_statements": 24, "percent_covered": 75.0, "percent_covered_display": "75", "missing_lines": 6, "excluded_lines": 0}, "missing_lines": [28, 32, 43, 60, 67, 75], "excluded_lines": []}, "wapitiCore/definitions/log4shell.py": {"executed_lines": [20, 22, 25, 26, 27, 30, 31, 39, 40, 59, 60, 70, 71, 74, 75, 76, 78, 79], "summary": {"covered_lines": 18, "num_statements": 24, "percent_covered": 75.0, "percent_covered_display": "75", "missing_lines": 6, "excluded_lines": 0}, "missing_lines": [28, 32, 41, 61, 72, 80], "excluded_lines": []}, "wapitiCore/definitions/methods.py": {"executed_lines": [20, 22, 25, 26, 27, 30, 31, 38, 39, 51, 52, 57, 58, 61, 62, 63, 65, 66], "summary": {"covered_lines": 18, "num_statements": 24, "percent_covered": 75.0, "percent_covered_display": "75", "missing_lines": 6, "excluded_lines": 0}, "missing_lines": [28, 32, 40, 53, 59, 67], "excluded_lines": []}, "wapitiCore/definitions/ns_takeovers.py": {"executed_lines": [20, 22, 25, 26, 27, 30, 31, 37, 38, 54, 55, 61, 62, 65, 66, 67, 69, 70], "summary": {"covered_lines": 18, "num_statements": 24, "percent_covered": 75.0, "percent_covered_display": "75", "missing_lines": 6, "excluded_lines": 0}, "missing_lines": [28, 32, 39, 56, 63, 72], "excluded_lines": []}, "wapitiCore/definitions/redirect.py": {"executed_lines": [21, 23, 26, 27, 28, 31, 32, 40, 41, 66, 67, 73, 74, 77, 78, 79, 81, 82], "summary": {"covered_lines": 18, "num_statements": 24, "percent_covered": 75.0, "percent_covered_display": "75", "missing_lines": 6, "excluded_lines": 0}, "missing_lines": [29, 33, 42, 68, 75, 83], "excluded_lines": []}, "wapitiCore/definitions/reflected_xss.py": {"executed_lines": [20, 22, 25, 26, 27, 28, 30, 31, 32, 38, 39, 40, 63, 64, 65, 75, 76, 77, 79, 80, 81], "summary": {"covered_lines": 21, "num_statements": 21, "percent_covered": 100.0, "percent_covered_display": "100", "missing_lines": 0, "excluded_lines": 0}, "missing_lines": [], "excluded_lines": []}, "wapitiCore/definitions/resource_consumption.py": {"executed_lines": [21, 23, 26, 27, 28, 31, 32, 38, 39, 59, 60, 66, 67, 70, 71, 72, 74, 75], "summary": {"covered_lines": 18, "num_statements": 24, "percent_covered": 75.0, "percent_covered_display": "75", "missing_lines": 6, "excluded_lines": 0}, "missing_lines": [29, 33, 40, 61, 68, 76], "excluded_lines": []}, "wapitiCore/definitions/secure_cookie.py": {"executed_lines": [21, 23, 26, 27, 28, 31, 32, 40, 41, 57, 58, 61, 62, 65, 66, 67, 69, 70], "summary": {"covered_lines": 18, "num_statements": 24, "percent_covered": 75.0, "percent_covered_display": "75", "missing_lines": 6, "excluded_lines": 0}, "missing_lines": [29, 33, 42, 59, 63, 71], "excluded_lines": []}, "wapitiCore/definitions/spring4shell.py": {"executed_lines": [20, 22, 25, 26, 27, 30, 31, 41, 42, 67, 68, 75, 76, 79, 80, 81, 83, 84], "summary": {"covered_lines": 18, "num_statements": 24, "percent_covered": 75.0, "percent_covered_display": "75", "missing_lines": 6, "excluded_lines": 0}, "missing_lines": [28, 32, 43, 69, 77, 85], "excluded_lines": []}, "wapitiCore/definitions/sql.py": {"executed_lines": [21, 23, 26, 27, 28, 31, 32, 46, 47, 74, 75, 82, 83, 86, 87, 88, 90, 91], "summary": {"covered_lines": 18, "num_statements": 24, "percent_covered": 75.0, "percent_covered_display": "75", "missing_lines": 6, "excluded_lines": 0}, "missing_lines": [29, 33, 48, 76, 84, 92], "excluded_lines": []}, "wapitiCore/definitions/ssl.py": {"executed_lines": [21, 23, 26, 27, 28, 31, 32, 41, 42, 77, 78, 86, 87, 90, 91, 92, 94, 95, 99, 109, 110, 111, 112], "summary": {"covered_lines": 23, "num_statements": 29, "percent_covered": 79.3103448275862, "percent_covered_display": "79", "missing_lines": 6, "excluded_lines": 0}, "missing_lines": [29, 33, 43, 79, 88, 96], "excluded_lines": []}, "wapitiCore/definitions/ssrf.py": {"executed_lines": [21, 23, 26, 27, 28, 31, 32, 38, 39, 67, 68, 74, 75, 78, 79, 80, 82, 83], "summary": {"covered_lines": 18, "num_statements": 24, "percent_covered": 75.0, "percent_covered_display": "75", "missing_lines": 6, "excluded_lines": 0}, "missing_lines": [29, 33, 40, 69, 76, 84], "excluded_lines": []}, "wapitiCore/definitions/stored_html_injection.py": {"executed_lines": [20, 22, 25, 26, 27, 30, 31, 38, 39, 58, 59, 68, 69, 72, 73, 74, 76, 77], "summary": {"covered_lines": 18, "num_statements": 24, "percent_covered": 75.0, "percent_covered_display": "75", "missing_lines": 6, "excluded_lines": 0}, "missing_lines": [28, 32, 40, 60, 70, 78], "excluded_lines": []}, "wapitiCore/definitions/stored_xss.py": {"executed_lines": [21, 23, 26, 27, 28, 31, 32, 39, 40, 64, 65, 76, 77, 80, 81, 82, 84, 85], "summary": {"covered_lines": 18, "num_statements": 24, "percent_covered": 75.0, "percent_covered_display": "75", "missing_lines": 6, "excluded_lines": 0}, "missing_lines": [29, 33, 41, 66, 78, 86], "excluded_lines": []}, "wapitiCore/definitions/subdomain_takeovers.py": {"executed_lines": [21, 23, 26, 27, 28, 31, 32, 37, 38, 60, 61, 66, 67, 70, 71, 72, 74, 75], "summary": {"covered_lines": 18, "num_statements": 24, "percent_covered": 75.0, "percent_covered_display": "75", "missing_lines": 6, "excluded_lines": 0}, "missing_lines": [29, 33, 39, 62, 68, 76], "excluded_lines": []}, "wapitiCore/definitions/timesql.py": {"executed_lines": [21, 23, 26, 27, 28, 31, 32, 40, 41, 64, 65, 71, 72, 75, 76, 77, 79, 80], "summary": {"covered_lines": 18, "num_statements": 24, "percent_covered": 75.0, "percent_covered_display": "75", "missing_lines": 6, "excluded_lines": 0}, "missing_lines": [29, 33, 42, 66, 73, 81], "excluded_lines": []}, "wapitiCore/definitions/unrestricted_upload.py": {"executed_lines": [21, 23, 26, 27, 28, 31, 32, 40, 41, 65, 66, 75, 76, 79, 80, 81, 83, 84], "summary": {"covered_lines": 18, "num_statements": 24, "percent_covered": 75.0, "percent_covered_display": "75", "missing_lines": 6, "excluded_lines": 0}, "missing_lines": [29, 33, 42, 67, 77, 86], "excluded_lines": []}, "wapitiCore/definitions/vulnerable_software_version.py": {"executed_lines": [21, 23, 26, 27, 28, 31, 32, 37, 38, 41, 42, 47, 48, 51, 52, 53, 55, 56], "summary": {"covered_lines": 18, "num_statements": 24, "percent_covered": 75.0, "percent_covered_display": "75", "missing_lines": 6, "excluded_lines": 0}, "missing_lines": [29, 33, 39, 43, 49, 57], "excluded_lines": []}, "wapitiCore/definitions/xpath.py": {"executed_lines": [20, 22, 25, 26, 27, 30, 31, 39, 40, 52, 53, 60, 61, 64, 65, 66, 68, 69], "summary": {"covered_lines": 18, "num_statements": 24, "percent_covered": 75.0, "percent_covered_display": "75", "missing_lines": 6, "excluded_lines": 0}, "missing_lines": [28, 32, 41, 54, 62, 70], "excluded_lines": []}, "wapitiCore/definitions/xxe.py": {"executed_lines": [21, 23, 26, 27, 28, 31, 32, 44, 45, 72, 73, 76, 77, 80, 81, 82, 84, 85], "summary": {"covered_lines": 18, "num_statements": 24, "percent_covered": 75.0, "percent_covered_display": "75", "missing_lines": 6, "excluded_lines": 0}, "missing_lines": [29, 33, 46, 74, 78, 86], "excluded_lines": []}, "wapitiCore/language/__init__.py": {"executed_lines": [], "summary": {"covered_lines": 0, "num_statements": 0, "percent_covered": 100.0, "percent_covered_display": "100", "missing_lines": 0, "excluded_lines": 0}, "missing_lines": [], "excluded_lines": []}, "wapitiCore/language/vulnerability.py": {"executed_lines": [], "summary": {"covered_lines": 0, "num_statements": 23, "percent_covered": 0.0, "percent_covered_display": "0", "missing_lines": 23, "excluded_lines": 0}, "missing_lines": [21, 22, 23, 24, 25, 28, 29, 30, 31, 32, 33, 34, 35, 37, 38, 40, 41, 43, 44, 45, 47, 50, 53], "excluded_lines": []}, "wapitiCore/main/__init__.py": {"executed_lines": [], "summary": {"covered_lines": 0, "num_statements": 0, "percent_covered": 100.0, "percent_covered_display": "100", "missing_lines": 0, "excluded_lines": 0}, "missing_lines": [], "excluded_lines": []}, "wapitiCore/main/banners.py": {"executed_lines": [], "summary": {"covered_lines": 0, "num_statements": 26, "percent_covered": 0.0, "percent_covered_display": "0", "missing_lines": 26, "excluded_lines": 0}, "missing_lines": [19, 20, 22, 23, 26, 27, 51, 52, 53, 54, 55, 56, 57, 59, 60, 61, 62, 63, 65, 66, 67, 68, 69, 70, 71, 72], "excluded_lines": []}, "wapitiCore/main/getcookie.py": {"executed_lines": [], "summary": {"covered_lines": 0, "num_statements": 114, "percent_covered": 0.0, "percent_covered_display": "0", "missing_lines": 114, "excluded_lines": 0}, "missing_lines": [20, 21, 22, 23, 25, 26, 27, 28, 29, 30, 31, 35, 36, 37, 38, 40, 41, 42, 43, 44, 46, 47, 49, 50, 52, 55, 56, 57, 59, 60, 61, 64, 66, 69, 70, 71, 72, 73, 75, 76, 78, 81, 82, 84, 90, 96, 101, 109, 118, 127, 136, 143, 151, 159, 167, 175, 184, 186, 187, 188, 190, 192, 193, 196, 197, 198, 200, 201, 203, 204, 209, 210, 213, 214, 215, 216, 217, 218, 219, 221, 222, 224, 225, 226, 227, 228, 229, 230, 231, 232, 233, 234, 235, 237, 238, 239, 240, 241, 243, 244, 245, 246, 247, 248, 249, 251, 252, 254, 255, 256, 257, 259, 262, 263], "excluded_lines": []}, "wapitiCore/main/log.py": {"executed_lines": [], "summary": {"covered_lines": 0, "num_statements": 23, "percent_covered": 0.0, "percent_covered_display": "0", "missing_lines": 23, "excluded_lines": 0}, "missing_lines": [20, 21, 22, 23, 25, 27, 29, 30, 38, 40, 41, 44, 46, 49, 50, 51, 52, 53, 56, 59, 60, 61, 63], "excluded_lines": []}, "wapitiCore/main/wapiti.py": {"executed_lines": [], "summary": {"covered_lines": 0, "num_statements": 336, "percent_covered": 0.0, "percent_covered_display": "0", "missing_lines": 336, "excluded_lines": 0}, "missing_lines": [20, 21, 22, 23, 24, 25, 26, 27, 28, 29, 31, 32, 34, 35, 36, 37, 38, 39, 40, 41, 42, 43, 45, 46, 47, 49, 52, 53, 54, 57, 59, 62, 64, 65, 66, 67, 68, 70, 71, 72, 73, 74, 76, 77, 80, 81, 82, 84, 85, 88, 89, 90, 91, 94, 95, 96, 97, 98, 99, 100, 101, 104, 105, 106, 107, 108, 109, 112, 114, 115, 117, 118, 119, 120, 121, 122, 123, 124, 125, 126, 127, 128, 129, 132, 134, 135, 136, 138, 139, 140, 141, 142, 144, 147, 149, 150, 152, 155, 157, 158, 160, 161, 163, 164, 166, 167, 168, 169, 170, 171, 172, 173, 174, 175, 177, 178, 179, 180, 181, 182, 183, 184, 185, 186, 188, 189, 192, 193, 202, 203, 205, 206, 207, 208, 209, 211, 213, 214, 215, 216, 218, 220, 221, 222, 223, 224, 226, 227, 229, 231, 232, 233, 234, 235, 236, 237, 239, 240, 242, 243, 244, 245, 246, 247, 249, 251, 252, 253, 254, 255, 256, 258, 260, 261, 263, 264, 266, 270, 271, 272, 274, 275, 276, 278, 280, 281, 283, 284, 285, 286, 287, 288, 289, 290, 291, 292, 293, 294, 295, 297, 298, 299, 300, 301, 302, 303, 305, 306, 307, 309, 310, 312, 313, 314, 315, 316, 317, 318, 319, 320, 321, 322, 323, 324, 325, 327, 329, 330, 331, 333, 335, 336, 338, 339, 340, 344, 345, 346, 347, 348, 350, 352, 353, 355, 358, 359, 360, 362, 363, 364, 366, 368, 371, 372, 374, 375, 376, 377, 380, 381, 383, 384, 386, 387, 389, 390, 391, 392, 394, 395, 397, 399, 400, 401, 403, 404, 406, 407, 408, 410, 412, 413, 414, 415, 417, 418, 419, 420, 425, 426, 427, 433, 434, 435, 436, 439, 445, 446, 448, 449, 455, 456, 457, 459, 464, 465, 466, 471, 472, 473, 475, 476, 477, 478, 480, 481, 483, 484, 485, 486, 488, 489, 491, 492, 493, 497, 499, 500, 501, 503, 504, 507, 508, 509, 512, 513], "excluded_lines": []}, "wapitiCore/model/__init__.py": {"executed_lines": [], "summary": {"covered_lines": 0, "num_statements": 11, "percent_covered": 0.0, "percent_covered_display": "0", "missing_lines": 11, "excluded_lines": 0}, "missing_lines": [1, 6, 7, 8, 9, 11, 12, 15, 16, 19, 20], "excluded_lines": []}, "wapitiCore/model/vulnerability.py": {"executed_lines": [], "summary": {"covered_lines": 0, "num_statements": 11, "percent_covered": 0.0, "percent_covered_display": "0", "missing_lines": 11, "excluded_lines": 0}, "missing_lines": [1, 2, 4, 7, 8, 9, 10, 11, 12, 13, 14], "excluded_lines": []}, "wapitiCore/moon.py": {"executed_lines": [], "summary": {"covered_lines": 0, "num_statements": 18, "percent_covered": 0.0, "percent_covered_display": "0", "missing_lines": 18, "excluded_lines": 0}, "missing_lines": [3, 9, 21, 22, 23, 24, 25, 28, 29, 30, 31, 32, 34, 35, 36, 38, 41, 42], "excluded_lines": []}, "wapitiCore/mutation/__init__.py": {"executed_lines": [], "summary": {"covered_lines": 0, "num_statements": 0, "percent_covered": 100.0, "percent_covered_display": "100", "missing_lines": 0, "excluded_lines": 0}, "missing_lines": [], "excluded_lines": []}, "wapitiCore/mutation/json_mutator.py": {"executed_lines": [], "summary": {"covered_lines": 0, "num_statements": 29, "percent_covered": 0.0, "percent_covered_display": "0", "missing_lines": 29, "excluded_lines": 0}, "missing_lines": [1, 4, 5, 6, 7, 10, 11, 13, 14, 15, 16, 19, 20, 21, 22, 24, 25, 27, 30, 31, 32, 34, 35, 36, 38, 39, 40, 41, 43], "excluded_lines": []}, "wapitiCore/net/__init__.py": {"executed_lines": [], "summary": {"covered_lines": 0, "num_statements": 15, "percent_covered": 0.0, "percent_covered_display": "0", "missing_lines": 15, "excluded_lines": 0}, "missing_lines": [1, 2, 4, 5, 8, 10, 11, 13, 14, 15, 16, 19, 21, 24, 26], "excluded_lines": []}, "wapitiCore/net/async_stickycookie.py": {"executed_lines": [], "summary": {"covered_lines": 0, "num_statements": 48, "percent_covered": 0.0, "percent_covered_display": "0", "missing_lines": 48, "excluded_lines": 0}, "missing_lines": [2, 3, 4, 5, 7, 8, 10, 13, 17, 18, 19, 20, 21, 22, 23, 26, 27, 28, 29, 30, 31, 34, 35, 37, 38, 39, 41, 42, 44, 45, 46, 48, 50, 51, 53, 57, 58, 60, 62, 63, 64, 65, 66, 71, 72, 74, 75, 76], "excluded_lines": []}, "wapitiCore/net/auth.py": {"executed_lines": [], "summary": {"covered_lines": 0, "num_statements": 161, "percent_covered": 0.0, "percent_covered_display": "0", "missing_lines": 161, "excluded_lines": 0}, "missing_lines": [19, 20, 21, 22, 23, 24, 25, 27, 28, 30, 31, 32, 33, 34, 35, 38, 39, 40, 42, 43, 44, 47, 50, 51, 52, 54, 55, 56, 57, 58, 60, 61, 62, 63, 65, 74, 77, 87, 88, 89, 90, 91, 97, 98, 112, 113, 114, 118, 119, 120, 121, 122, 123, 124, 126, 127, 128, 132, 133, 134, 135, 136, 137, 138, 139, 142, 145, 150, 151, 153, 154, 156, 164, 165, 170, 173, 174, 175, 176, 178, 181, 182, 184, 185, 188, 197, 198, 199, 200, 203, 205, 206, 211, 215, 218, 225, 227, 228, 229, 230, 231, 233, 235, 236, 237, 238, 239, 240, 241, 244, 253, 254, 255, 256, 257, 259, 260, 262, 263, 264, 265, 271, 272, 286, 287, 288, 289, 290, 291, 292, 294, 295, 297, 298, 299, 300, 303, 304, 305, 308, 309, 310, 314, 316, 318, 319, 320, 321, 324, 325, 326, 329, 330, 331, 335, 336, 338, 339, 341, 344, 345], "excluded_lines": []}, "wapitiCore/net/classes.py": {"executed_lines": [], "summary": {"covered_lines": 0, "num_statements": 33, "percent_covered": 0.0, "percent_covered_display": "0", "missing_lines": 33, "excluded_lines": 0}, "missing_lines": [19, 20, 21, 23, 25, 28, 29, 30, 31, 32, 35, 36, 37, 38, 39, 42, 43, 44, 45, 46, 49, 50, 51, 52, 53, 54, 55, 56, 57, 58, 59, 60, 61], "excluded_lines": []}, "wapitiCore/net/cookies.py": {"executed_lines": [], "summary": {"covered_lines": 0, "num_statements": 17, "percent_covered": 0.0, "percent_covered_display": "0", "missing_lines": 17, "excluded_lines": 0}, "missing_lines": [19, 20, 23, 24, 25, 37, 38, 57, 59, 62, 63, 64, 69, 70, 71, 90, 91], "excluded_lines": []}, "wapitiCore/net/crawler.py": {"executed_lines": [], "summary": {"covered_lines": 0, "num_statements": 154, "percent_covered": 0.0, "percent_covered_display": "0", "missing_lines": 154, "excluded_lines": 0}, "missing_lines": [22, 23, 24, 25, 26, 27, 30, 32, 35, 36, 38, 40, 43, 53, 54, 55, 56, 57, 58, 59, 61, 62, 63, 64, 65, 66, 67, 69, 70, 72, 74, 77, 81, 82, 83, 84, 87, 88, 89, 90, 91, 92, 93, 94, 96, 102, 103, 104, 106, 107, 109, 110, 112, 113, 114, 116, 117, 118, 125, 127, 128, 130, 131, 132, 135, 137, 138, 139, 140, 144, 145, 149, 150, 155, 165, 166, 168, 169, 171, 172, 174, 175, 177, 178, 180, 181, 183, 185, 186, 187, 189, 190, 192, 194, 195, 197, 198, 200, 202, 203, 205, 207, 208, 210, 212, 213, 234, 235, 236, 237, 240, 241, 242, 244, 246, 248, 249, 268, 270, 271, 273, 274, 276, 277, 279, 280, 281, 283, 284, 286, 288, 289, 290, 291, 293, 294, 296, 298, 308, 309, 312, 313, 314, 316, 318, 320, 328, 329, 337, 346, 347, 348, 350, 351], "excluded_lines": []}, "wapitiCore/net/csp_utils.py": {"executed_lines": [], "summary": {"covered_lines": 0, "num_statements": 88, "percent_covered": 0.0, "percent_covered_display": "0", "missing_lines": 88, "excluded_lines": 0}, "missing_lines": [17, 19, 20, 23, 27, 46, 56, 59, 60, 61, 62, 64, 67, 68, 69, 70, 72, 75, 76, 77, 78, 79, 82, 83, 84, 85, 86, 88, 91, 92, 93, 94, 96, 97, 98, 99, 101, 104, 105, 107, 108, 109, 110, 113, 114, 115, 117, 118, 119, 121, 122, 124, 127, 137, 139, 140, 141, 143, 146, 156, 158, 159, 160, 162, 163, 167, 170, 171, 172, 173, 175, 176, 177, 178, 179, 182, 183, 184, 185, 187, 190, 192, 193, 194, 196, 197, 198, 200], "excluded_lines": []}, "wapitiCore/net/explorer.py": {"executed_lines": [], "summary": {"covered_lines": 0, "num_statements": 261, "percent_covered": 0.0, "percent_covered_display": "0", "missing_lines": 261, "excluded_lines": 0}, "missing_lines": [20, 21, 22, 23, 24, 25, 26, 27, 30, 33, 35, 36, 37, 38, 39, 40, 41, 42, 43, 44, 46, 48, 50, 56, 64, 67, 68, 75, 76, 77, 78, 79, 80, 81, 82, 83, 84, 85, 86, 89, 90, 91, 93, 96, 98, 100, 102, 103, 104, 106, 107, 108, 110, 111, 112, 114, 115, 116, 118, 119, 120, 122, 123, 124, 126, 127, 128, 130, 131, 132, 134, 135, 136, 138, 139, 140, 142, 143, 144, 146, 147, 148, 150, 151, 152, 163, 164, 165, 166, 167, 168, 169, 170, 171, 172, 174, 175, 177, 178, 179, 180, 181, 184, 185, 188, 189, 191, 192, 193, 194, 196, 198, 199, 201, 202, 203, 204, 205, 206, 207, 208, 210, 211, 212, 213, 215, 216, 219, 220, 222, 224, 225, 227, 229, 230, 232, 233, 234, 236, 238, 240, 241, 242, 243, 244, 246, 247, 248, 249, 250, 252, 253, 254, 256, 257, 259, 260, 262, 268, 270, 272, 273, 275, 276, 278, 280, 282, 284, 285, 286, 288, 290, 304, 306, 308, 309, 310, 311, 312, 313, 314, 315, 317, 318, 319, 321, 322, 323, 326, 327, 329, 331, 333, 336, 337, 338, 340, 341, 344, 346, 360, 361, 362, 363, 364, 365, 367, 368, 370, 371, 372, 376, 377, 379, 380, 382, 383, 384, 386, 387, 388, 390, 391, 392, 395, 396, 398, 399, 401, 402, 404, 405, 411, 414, 415, 416, 420, 421, 422, 424, 425, 427, 428, 429, 431, 433, 434, 436, 437, 439, 440, 441, 444, 446, 447, 449, 450, 451, 453, 454, 455], "excluded_lines": []}, "wapitiCore/net/intercepting_explorer.py": {"executed_lines": [], "summary": {"covered_lines": 0, "num_statements": 279, "percent_covered": 0.0, "percent_covered_display": "0", "missing_lines": 279, "excluded_lines": 0}, "missing_lines": [20, 21, 22, 23, 24, 25, 26, 27, 28, 29, 30, 32, 33, 34, 35, 36, 37, 38, 39, 40, 42, 43, 44, 45, 46, 47, 48, 49, 50, 51, 54, 62, 63, 64, 65, 66, 69, 71, 74, 75, 77, 78, 81, 84, 85, 86, 87, 88, 89, 90, 91, 92, 95, 96, 97, 98, 99, 101, 102, 105, 107, 108, 110, 111, 112, 113, 115, 117, 119, 126, 127, 130, 131, 132, 133, 134, 135, 137, 138, 140, 142, 143, 144, 146, 148, 150, 151, 152, 154, 155, 159, 160, 161, 162, 163, 164, 165, 167, 168, 169, 170, 171, 172, 174, 175, 176, 177, 179, 181, 191, 196, 205, 208, 210, 211, 212, 214, 215, 216, 217, 218, 220, 223, 225, 226, 227, 228, 229, 230, 233, 234, 236, 237, 238, 239, 241, 242, 244, 245, 247, 248, 249, 251, 252, 254, 255, 258, 260, 261, 262, 263, 264, 268, 269, 270, 271, 272, 274, 276, 277, 278, 279, 280, 284, 299, 304, 325, 327, 328, 329, 330, 331, 332, 334, 335, 336, 337, 339, 340, 342, 343, 344, 345, 346, 348, 349, 350, 351, 352, 354, 356, 357, 359, 361, 362, 363, 365, 366, 368, 369, 371, 372, 373, 374, 375, 376, 380, 381, 384, 386, 399, 400, 401, 402, 403, 404, 405, 406, 407, 408, 409, 411, 412, 413, 414, 415, 416, 417, 418, 420, 423, 424, 427, 428, 430, 431, 432, 434, 436, 437, 439, 440, 442, 443, 444, 446, 447, 449, 454, 456, 457, 459, 460, 461, 462, 463, 464, 467, 479, 481, 483, 498, 499, 500, 501, 503, 504, 505, 506, 508, 509, 512, 513, 517, 518, 519, 521, 522, 523], "excluded_lines": []}, "wapitiCore/net/jsoncookie.py": {"executed_lines": [], "summary": {"covered_lines": 0, "num_statements": 95, "percent_covered": 0.0, "percent_covered_display": "0", "missing_lines": 95, "excluded_lines": 0}, "missing_lines": [20, 21, 22, 26, 29, 32, 33, 34, 37, 38, 39, 40, 41, 42, 43, 44, 45, 46, 47, 49, 51, 52, 53, 55, 57, 59, 60, 62, 63, 65, 66, 73, 74, 76, 78, 80, 81, 84, 85, 88, 89, 90, 91, 93, 96, 97, 99, 100, 101, 102, 104, 105, 107, 108, 109, 110, 130, 131, 132, 134, 135, 138, 139, 140, 142, 143, 146, 147, 148, 150, 152, 153, 154, 156, 157, 159, 161, 162, 165, 166, 168, 170, 171, 173, 174, 175, 176, 178, 179, 180, 181, 182, 183, 184, 185], "excluded_lines": []}, "wapitiCore/net/jsparser_angular.py": {"executed_lines": [], "summary": {"covered_lines": 0, "num_statements": 58, "percent_covered": 0.0, "percent_covered_display": "0", "missing_lines": 58, "excluded_lines": 0}, "missing_lines": [1, 2, 3, 4, 7, 13, 21, 23, 24, 25, 31, 32, 34, 35, 37, 38, 39, 40, 41, 42, 44, 45, 46, 47, 49, 50, 52, 53, 54, 56, 57, 60, 61, 62, 65, 68, 69, 70, 71, 72, 74, 75, 76, 79, 80, 82, 83, 84, 86, 87, 88, 89, 91, 92, 93, 94, 95, 96], "excluded_lines": []}, "wapitiCore/net/response.py": {"executed_lines": [], "summary": {"covered_lines": 0, "num_statements": 145, "percent_covered": 0.0, "percent_covered_display": "0", "missing_lines": 145, "excluded_lines": 0}, "missing_lines": [22, 23, 24, 25, 26, 27, 30, 32, 35, 38, 39, 44, 45, 49, 50, 55, 57, 58, 63, 65, 66, 71, 74, 75, 76, 78, 79, 80, 82, 83, 84, 89, 91, 92, 97, 99, 100, 101, 107, 108, 109, 110, 111, 112, 114, 115, 117, 118, 119, 124, 125, 126, 127, 128, 129, 131, 133, 135, 136, 137, 142, 144, 145, 147, 148, 150, 151, 153, 154, 155, 156, 158, 159, 161, 163, 164, 165, 166, 168, 169, 170, 171, 173, 174, 175, 176, 178, 180, 181, 182, 184, 186, 187, 188, 190, 192, 193, 194, 196, 198, 199, 200, 202, 203, 204, 205, 207, 208, 209, 210, 211, 212, 213, 215, 216, 220, 222, 223, 230, 232, 233, 237, 239, 240, 244, 246, 247, 251, 253, 254, 256, 257, 258, 260, 261, 263, 264, 265, 267, 268, 270, 273, 274, 275, 277], "excluded_lines": []}, "wapitiCore/net/scope.py": {"executed_lines": [], "summary": {"covered_lines": 0, "num_statements": 46, "percent_covered": 0.0, "percent_covered_display": "0", "missing_lines": 46, "excluded_lines": 0}, "missing_lines": [20, 21, 22, 24, 25, 27, 30, 31, 32, 33, 34, 37, 40, 41, 42, 43, 45, 46, 47, 49, 51, 53, 54, 56, 57, 59, 61, 63, 65, 66, 68, 69, 71, 72, 74, 75, 78, 79, 80, 82, 83, 86, 92, 93, 94, 95], "excluded_lines": []}, "wapitiCore/net/sql_persister.py": {"executed_lines": [], "summary": {"covered_lines": 0, "num_statements": 375, "percent_covered": 0.0, "percent_covered_display": "0", "missing_lines": 375, "excluded_lines": 0}, "missing_lines": [20, 21, 22, 23, 25, 26, 27, 30, 31, 32, 33, 35, 38, 43, 44, 45, 46, 47, 48, 50, 51, 52, 53, 54, 55, 56, 57, 58, 59, 60, 61, 62, 63, 64, 65, 66, 67, 68, 69, 71, 73, 75, 77, 78, 79, 80, 82, 83, 85, 86, 87, 88, 89, 90, 91, 92, 93, 94, 96, 97, 98, 101, 102, 104, 110, 124, 136, 150, 156, 165, 166, 167, 168, 170, 171, 173, 174, 175, 179, 181, 182, 183, 184, 185, 186, 188, 189, 191, 192, 193, 195, 196, 197, 199, 201, 202, 204, 205, 206, 208, 209, 211, 212, 214, 220, 221, 223, 226, 227, 228, 229, 231, 239, 254, 255, 267, 268, 269, 270, 281, 282, 294, 297, 298, 300, 302, 314, 315, 317, 318, 320, 321, 322, 324, 330, 331, 332, 334, 335, 336, 338, 343, 344, 349, 352, 364, 366, 367, 368, 369, 381, 382, 383, 384, 395, 396, 408, 411, 412, 414, 416, 428, 429, 431, 434, 436, 437, 439, 440, 442, 445, 447, 448, 450, 451, 452, 454, 456, 460, 461, 463, 464, 466, 467, 468, 470, 474, 475, 477, 478, 479, 481, 482, 483, 484, 486, 487, 488, 489, 490, 491, 493, 495, 497, 508, 509, 511, 512, 513, 515, 517, 518, 519, 521, 522, 523, 525, 526, 538, 539, 540, 557, 558, 559, 560, 563, 565, 566, 567, 568, 569, 571, 572, 573, 575, 576, 579, 581, 582, 583, 584, 585, 587, 591, 592, 593, 594, 595, 597, 599, 600, 601, 602, 603, 604, 606, 608, 609, 610, 611, 612, 613, 615, 618, 631, 634, 645, 646, 648, 650, 651, 652, 664, 665, 666, 677, 678, 690, 691, 692, 694, 696, 708, 709, 710, 713, 724, 725, 727, 728, 729, 730, 732, 733, 737, 738, 739, 741, 742, 744, 746, 755, 757, 758, 759, 760, 762, 763, 764, 766, 767, 768, 770, 774, 775, 777, 778, 779, 781, 782, 783, 784, 786, 787, 788, 789, 790, 791, 793, 795, 797, 808, 809, 811, 812, 814, 816, 817, 818, 820, 821, 823, 824, 826, 838, 839, 840, 841, 842, 844, 845, 846, 847, 850, 852, 854, 856, 857, 862, 863, 864, 866, 867, 871, 872, 873, 874, 875, 876, 878, 880, 881, 883, 884, 886], "excluded_lines": []}, "wapitiCore/net/web.py": {"executed_lines": [], "summary": {"covered_lines": 0, "num_statements": 506, "percent_covered": 0.0, "percent_covered_display": "0", "missing_lines": 506, "excluded_lines": 0}, "missing_lines": [20, 21, 22, 23, 24, 25, 27, 29, 31, 34, 45, 46, 50, 53, 54, 59, 60, 61, 64, 66, 67, 68, 70, 72, 73, 74, 75, 76, 77, 78, 79, 81, 83, 84, 86, 87, 90, 91, 92, 94, 95, 96, 99, 118, 119, 120, 121, 123, 124, 126, 127, 128, 130, 131, 132, 133, 135, 137, 138, 140, 141, 142, 144, 146, 147, 150, 151, 152, 153, 154, 155, 156, 159, 172, 173, 175, 176, 177, 178, 179, 181, 182, 183, 185, 187, 189, 190, 191, 193, 199, 201, 202, 203, 205, 208, 211, 212, 215, 219, 221, 222, 223, 224, 225, 226, 227, 228, 229, 230, 231, 232, 233, 234, 236, 237, 238, 241, 243, 244, 245, 247, 249, 252, 254, 278, 279, 281, 282, 283, 285, 290, 292, 293, 298, 299, 300, 301, 302, 303, 304, 305, 307, 308, 309, 311, 313, 314, 316, 318, 320, 321, 322, 323, 325, 326, 328, 331, 333, 335, 337, 338, 339, 341, 342, 343, 344, 345, 348, 351, 354, 355, 357, 358, 360, 363, 364, 365, 366, 368, 369, 371, 373, 374, 375, 377, 378, 379, 380, 382, 383, 384, 385, 386, 387, 388, 389, 390, 391, 395, 396, 397, 398, 399, 401, 402, 404, 405, 407, 408, 409, 411, 412, 414, 415, 417, 418, 420, 422, 423, 424, 425, 426, 428, 429, 430, 432, 433, 434, 435, 436, 437, 438, 439, 441, 442, 443, 445, 446, 448, 449, 451, 453, 454, 455, 456, 457, 458, 459, 460, 462, 463, 464, 465, 466, 467, 468, 469, 471, 472, 473, 474, 476, 478, 479, 480, 482, 483, 484, 486, 488, 489, 490, 491, 493, 495, 496, 497, 499, 500, 501, 503, 504, 505, 506, 507, 511, 512, 518, 519, 520, 521, 522, 524, 525, 527, 529, 530, 531, 532, 533, 535, 537, 538, 539, 540, 541, 542, 544, 545, 548, 550, 552, 553, 554, 556, 558, 560, 561, 562, 564, 565, 567, 568, 569, 571, 572, 574, 575, 576, 578, 579, 580, 582, 583, 584, 585, 586, 588, 589, 591, 592, 593, 595, 596, 597, 598, 599, 601, 602, 603, 605, 606, 607, 609, 610, 611, 613, 614, 615, 617, 618, 619, 621, 622, 623, 625, 626, 627, 629, 630, 631, 633, 634, 635, 637, 638, 639, 641, 642, 643, 644, 645, 647, 648, 649, 651, 652, 653, 654, 655, 656, 657, 659, 660, 661, 663, 664, 665, 667, 668, 669, 671, 672, 673, 675, 676, 677, 679, 680, 681, 683, 684, 685, 687, 688, 689, 692, 693, 695, 697, 698, 699, 700, 701, 703, 704, 705, 707, 708, 709, 710, 711, 713, 714, 715, 716, 717, 719, 720, 721, 722, 723, 725, 726, 727, 728, 730, 731, 733, 734, 735, 736, 739, 741, 743, 744, 745, 747, 748, 750, 752, 753, 754, 756, 757, 758, 759, 760, 762, 763, 764, 765, 766, 768, 769, 770, 771, 772, 774, 775, 776, 778, 779, 780, 782, 783, 784, 785, 786, 788, 789, 790, 792, 793, 794, 797, 799, 800, 801, 802, 803, 804, 806, 807, 809, 810], "excluded_lines": []}, "wapitiCore/net/xss_utils.py": {"executed_lines": [], "summary": {"covered_lines": 0, "num_statements": 322, "percent_covered": 0.0, "percent_covered_display": "0", "missing_lines": 322, "excluded_lines": 0}, "missing_lines": [18, 19, 20, 21, 22, 23, 25, 27, 28, 32, 35, 36, 37, 38, 39, 40, 43, 58, 60, 61, 62, 63, 65, 68, 71, 72, 73, 76, 77, 79, 80, 81, 83, 84, 85, 87, 88, 91, 92, 93, 94, 95, 96, 98, 99, 102, 103, 104, 105, 106, 107, 108, 109, 110, 111, 113, 114, 115, 116, 117, 118, 120, 123, 124, 125, 126, 129, 130, 131, 132, 133, 134, 135, 136, 137, 138, 139, 143, 144, 145, 146, 149, 150, 154, 157, 158, 159, 160, 161, 163, 165, 167, 168, 169, 170, 172, 181, 182, 183, 185, 186, 187, 189, 191, 192, 200, 201, 202, 204, 205, 206, 208, 210, 211, 218, 219, 220, 222, 224, 225, 226, 227, 228, 230, 232, 233, 234, 235, 236, 238, 241, 242, 243, 245, 246, 247, 248, 249, 251, 252, 253, 255, 256, 257, 258, 259, 261, 262, 264, 275, 276, 278, 280, 283, 285, 286, 287, 288, 290, 291, 292, 295, 296, 298, 299, 300, 301, 303, 306, 309, 311, 312, 314, 315, 316, 317, 319, 321, 327, 329, 330, 331, 335, 336, 337, 338, 339, 341, 351, 354, 360, 362, 364, 365, 366, 367, 368, 370, 371, 380, 383, 386, 388, 389, 390, 392, 394, 395, 396, 397, 399, 408, 411, 414, 416, 417, 418, 420, 422, 423, 424, 425, 427, 428, 437, 438, 440, 442, 443, 444, 445, 446, 455, 458, 461, 462, 464, 467, 468, 470, 472, 473, 475, 477, 478, 487, 490, 493, 495, 496, 499, 500, 502, 504, 505, 507, 509, 510, 519, 522, 523, 531, 535, 539, 540, 542, 544, 546, 547, 548, 550, 553, 556, 557, 560, 561, 562, 565, 567, 568, 569, 571, 572, 573, 574, 576, 579, 588, 589, 590, 592, 593, 594, 595, 596, 597, 598, 599, 600, 602, 604, 605, 607, 608, 610, 611, 612, 613, 615, 616, 617, 618, 619, 622, 623, 624, 626, 628, 631, 632, 634, 645], "excluded_lines": []}, "wapitiCore/parsers/__init__.py": {"executed_lines": [], "summary": {"covered_lines": 0, "num_statements": 0, "percent_covered": 100.0, "percent_covered_display": "100", "missing_lines": 0, "excluded_lines": 0}, "missing_lines": [], "excluded_lines": []}, "wapitiCore/parsers/commandline.py": {"executed_lines": [], "summary": {"covered_lines": 0, "num_statements": 72, "percent_covered": 0.0, "percent_covered_display": "0", "missing_lines": 72, "excluded_lines": 0}, "missing_lines": [20, 22, 23, 26, 27, 29, 30, 38, 45, 52, 59, 66, 72, 82, 90, 96, 105, 113, 124, 133, 142, 151, 160, 169, 178, 187, 195, 203, 211, 219, 229, 236, 246, 252, 258, 264, 270, 276, 283, 290, 299, 308, 317, 326, 332, 339, 346, 353, 360, 367, 378, 385, 392, 399, 406, 413, 420, 429, 437, 446, 452, 462, 469, 477, 484, 494, 500, 506, 515, 521, 527, 533], "excluded_lines": []}, "wapitiCore/parsers/html_parser.py": {"executed_lines": [], "summary": {"covered_lines": 0, "num_statements": 416, "percent_covered": 0.0, "percent_covered_display": "0", "missing_lines": 416, "excluded_lines": 0}, "missing_lines": [21, 22, 23, 24, 25, 26, 28, 29, 30, 31, 34, 35, 36, 38, 39, 53, 54, 55, 56, 57, 58, 59, 62, 90, 113, 119, 121, 123, 124, 125, 126, 128, 130, 131, 133, 134, 135, 136, 137, 138, 139, 140, 141, 142, 144, 147, 149, 150, 151, 152, 153, 155, 156, 157, 158, 159, 160, 161, 162, 163, 165, 167, 170, 172, 179, 180, 181, 182, 183, 184, 186, 187, 189, 197, 198, 199, 201, 202, 203, 205, 207, 208, 209, 213, 214, 215, 217, 218, 219, 221, 223, 225, 230, 231, 234, 235, 236, 239, 241, 242, 243, 244, 246, 248, 250, 253, 256, 257, 268, 269, 270, 272, 274, 275, 276, 278, 281, 282, 283, 284, 285, 286, 287, 288, 290, 292, 293, 294, 296, 297, 298, 299, 300, 301, 303, 305, 306, 308, 316, 317, 318, 319, 321, 322, 324, 325, 327, 330, 331, 333, 336, 337, 339, 340, 345, 347, 348, 349, 350, 352, 353, 355, 356, 357, 362, 364, 366, 367, 368, 369, 370, 371, 373, 374, 375, 376, 378, 379, 381, 382, 384, 385, 387, 388, 390, 391, 393, 394, 399, 400, 402, 403, 408, 410, 417, 418, 419, 421, 422, 423, 424, 426, 432, 434, 435, 437, 438, 439, 440, 441, 443, 444, 446, 447, 449, 450, 452, 453, 454, 455, 456, 457, 459, 461, 462, 467, 468, 469, 470, 471, 472, 474, 476, 477, 482, 484, 485, 490, 492, 493, 498, 500, 501, 504, 506, 507, 508, 509, 510, 511, 512, 513, 515, 516, 518, 519, 520, 522, 523, 532, 533, 534, 535, 536, 538, 539, 541, 542, 547, 548, 549, 550, 551, 553, 554, 555, 556, 558, 559, 560, 563, 564, 565, 566, 567, 568, 569, 570, 571, 572, 573, 574, 575, 576, 577, 579, 580, 586, 587, 588, 590, 592, 593, 594, 595, 596, 597, 598, 599, 601, 602, 603, 604, 605, 606, 607, 608, 609, 611, 612, 613, 614, 615, 616, 619, 624, 625, 627, 628, 630, 631, 632, 635, 636, 637, 638, 640, 641, 642, 650, 653, 654, 655, 657, 662, 672, 673, 674, 675, 677, 679, 680, 682, 684, 694, 695, 697, 698, 699, 707, 708, 710, 711, 712, 721, 722, 723, 724, 725, 726, 728, 730, 731, 732, 734, 743, 744, 754, 762, 764, 767, 768, 769, 771, 772, 773, 774, 775, 776, 778, 782, 784, 785, 788, 789, 791, 792, 793, 794, 795, 796, 797, 799, 801, 811, 813, 815, 819, 820, 821, 822, 823, 825, 827, 828, 830], "excluded_lines": []}, "wapitiCore/parsers/ini_payload_parser.py": {"executed_lines": [], "summary": {"covered_lines": 0, "num_statements": 43, "percent_covered": 0.0, "percent_covered_display": "0", "missing_lines": 43, "excluded_lines": 0}, "missing_lines": [1, 2, 3, 4, 6, 9, 10, 11, 12, 13, 14, 15, 16, 19, 20, 21, 22, 23, 24, 25, 28, 29, 30, 31, 32, 34, 35, 37, 38, 39, 41, 42, 44, 45, 46, 47, 48, 49, 50, 52, 54, 55, 56], "excluded_lines": []}, "wapitiCore/parsers/javascript.py": {"executed_lines": [], "summary": {"covered_lines": 0, "num_statements": 26, "percent_covered": 0.0, "percent_covered_display": "0", "missing_lines": 26, "excluded_lines": 0}, "missing_lines": [1, 2, 6, 8, 12, 18, 26, 38, 39, 40, 43, 44, 45, 46, 47, 48, 50, 52, 55, 68, 71, 73, 74, 77, 78, 80], "excluded_lines": []}, "wapitiCore/parsers/swagger.py": {"executed_lines": [], "summary": {"covered_lines": 0, "num_statements": 110, "percent_covered": 0.0, "percent_covered_display": "0", "missing_lines": 110, "excluded_lines": 0}, "missing_lines": [20, 21, 22, 23, 24, 25, 27, 28, 30, 31, 32, 34, 51, 52, 53, 54, 55, 57, 58, 59, 60, 61, 62, 64, 66, 67, 68, 70, 71, 72, 73, 74, 75, 76, 77, 78, 79, 81, 83, 86, 87, 88, 89, 90, 92, 93, 95, 96, 97, 98, 100, 103, 104, 105, 108, 109, 110, 111, 113, 114, 115, 116, 117, 118, 119, 120, 121, 122, 124, 126, 127, 128, 130, 132, 133, 135, 136, 137, 138, 139, 140, 142, 143, 145, 146, 147, 151, 152, 153, 155, 157, 159, 160, 167, 168, 170, 171, 172, 173, 174, 175, 176, 177, 178, 179, 180, 182, 184, 192, 194], "excluded_lines": []}, "wapitiCore/parsers/swf.py": {"executed_lines": [], "summary": {"covered_lines": 0, "num_statements": 121, "percent_covered": 0.0, "percent_covered_display": "0", "missing_lines": 121, "excluded_lines": 0}, "missing_lines": [21, 23, 24, 26, 29, 31, 32, 34, 35, 37, 38, 40, 41, 43, 46, 47, 49, 51, 53, 55, 57, 59, 61, 63, 67, 68, 71, 74, 75, 76, 77, 78, 79, 80, 81, 82, 83, 84, 85, 86, 89, 90, 91, 92, 93, 94, 95, 96, 97, 98, 99, 102, 103, 105, 106, 107, 108, 109, 110, 113, 114, 115, 116, 117, 120, 121, 122, 123, 126, 127, 128, 129, 130, 131, 132, 133, 134, 135, 137, 138, 141, 156, 157, 158, 159, 160, 161, 162, 163, 164, 165, 166, 167, 170, 171, 180, 182, 183, 184, 186, 188, 189, 191, 192, 193, 194, 195, 196, 197, 198, 199, 200, 203, 204, 205, 206, 207, 208, 209, 210, 211], "excluded_lines": []}, "wapitiCore/parsers/txt_payload_parser.py": {"executed_lines": [], "summary": {"covered_lines": 0, "num_statements": 25, "percent_covered": 0.0, "percent_covered_display": "0", "missing_lines": 25, "excluded_lines": 0}, "missing_lines": [1, 3, 6, 7, 8, 9, 10, 11, 13, 16, 19, 20, 21, 23, 24, 26, 27, 28, 29, 30, 31, 32, 33, 34, 35], "excluded_lines": []}, "wapitiCore/report/__init__.py": {"executed_lines": [], "summary": {"covered_lines": 0, "num_statements": 9, "percent_covered": 0.0, "percent_covered_display": "0", "missing_lines": 9, "excluded_lines": 0}, "missing_lines": [20, 21, 22, 23, 24, 25, 27, 36, 37], "excluded_lines": []}, "wapitiCore/report/csvreportgenerator.py": {"executed_lines": [], "summary": {"covered_lines": 0, "num_statements": 31, "percent_covered": 0.0, "percent_covered_display": "0", "missing_lines": 31, "excluded_lines": 0}, "missing_lines": [22, 24, 26, 29, 33, 34, 35, 36, 37, 39, 44, 45, 46, 59, 60, 61, 64, 78, 79, 88, 100, 101, 110, 122, 123, 132, 133, 135, 136, 138, 139], "excluded_lines": []}, "wapitiCore/report/htmlreportgenerator.py": {"executed_lines": [], "summary": {"covered_lines": 0, "num_statements": 45, "percent_covered": 0.0, "percent_covered_display": "0", "missing_lines": 45, "excluded_lines": 0}, "missing_lines": [23, 24, 25, 26, 27, 29, 31, 32, 35, 36, 37, 38, 39, 40, 41, 42, 43, 44, 45, 46, 49, 54, 55, 56, 58, 60, 66, 67, 68, 69, 70, 71, 73, 78, 80, 82, 88, 89, 91, 93, 95, 96, 114, 115, 116], "excluded_lines": []}, "wapitiCore/report/jsonreportgenerator.py": {"executed_lines": [], "summary": {"covered_lines": 0, "num_statements": 56, "percent_covered": 0.0, "percent_covered_display": "0", "missing_lines": 56, "excluded_lines": 0}, "missing_lines": [22, 24, 26, 27, 30, 31, 32, 33, 34, 37, 47, 48, 50, 52, 53, 54, 56, 61, 68, 69, 72, 74, 75, 81, 82, 85, 100, 112, 113, 116, 117, 118, 121, 123, 124, 130, 131, 133, 145, 157, 158, 161, 162, 163, 165, 167, 168, 174, 175, 177, 189, 202, 203, 207, 208, 209], "excluded_lines": []}, "wapitiCore/report/reportgenerator.py": {"executed_lines": [], "summary": {"covered_lines": 0, "num_statements": 34, "percent_covered": 0.0, "percent_covered_display": "0", "missing_lines": 34, "excluded_lines": 0}, "missing_lines": [26, 28, 31, 32, 33, 34, 37, 49, 50, 51, 52, 53, 54, 55, 56, 57, 58, 60, 61, 62, 64, 65, 68, 69, 72, 83, 86, 87, 90, 101, 104, 105, 108, 119], "excluded_lines": []}, "wapitiCore/report/txtreportgenerator.py": {"executed_lines": [], "summary": {"covered_lines": 0, "num_statements": 137, "percent_covered": 0.0, "percent_covered_display": "0", "missing_lines": 137, "excluded_lines": 0}, "missing_lines": [20, 22, 24, 25, 27, 33, 34, 35, 36, 39, 40, 43, 46, 51, 52, 53, 54, 55, 56, 58, 63, 64, 65, 66, 67, 68, 69, 70, 71, 72, 73, 75, 77, 78, 79, 80, 82, 83, 84, 85, 86, 87, 88, 89, 90, 92, 93, 94, 95, 96, 97, 98, 100, 102, 103, 104, 105, 107, 108, 109, 110, 111, 112, 113, 114, 115, 116, 117, 118, 119, 120, 122, 123, 124, 125, 127, 128, 129, 130, 131, 132, 133, 134, 135, 136, 137, 140, 143, 153, 154, 160, 161, 164, 181, 189, 190, 193, 194, 195, 198, 199, 200, 206, 207, 210, 227, 235, 236, 239, 240, 241, 244, 253, 254, 260, 261, 264, 281, 289, 290, 293, 294, 295, 297, 302, 303, 304, 305, 306, 307, 309, 310, 311, 312, 313, 314, 315], "excluded_lines": []}, "wapitiCore/report/xmlreportgenerator.py": {"executed_lines": [], "summary": {"covered_lines": 0, "num_statements": 193, "percent_covered": 0.0, "percent_covered_display": "0", "missing_lines": 193, "excluded_lines": 0}, "missing_lines": [26, 28, 31, 56, 57, 58, 59, 61, 62, 63, 66, 72, 73, 74, 77, 78, 80, 81, 82, 85, 86, 87, 88, 89, 90, 91, 92, 93, 94, 95, 96, 97, 98, 99, 100, 103, 104, 105, 106, 107, 108, 109, 110, 112, 113, 114, 115, 116, 117, 118, 119, 120, 121, 122, 123, 124, 125, 126, 127, 128, 129, 132, 133, 134, 135, 136, 137, 138, 139, 140, 141, 142, 143, 144, 145, 146, 147, 148, 149, 150, 151, 152, 153, 154, 155, 156, 157, 158, 159, 160, 161, 162, 163, 164, 165, 166, 167, 168, 169, 170, 171, 172, 173, 174, 175, 177, 178, 180, 184, 185, 186, 187, 188, 190, 194, 195, 196, 197, 198, 199, 201, 202, 203, 205, 206, 207, 208, 209, 210, 211, 212, 214, 219, 220, 221, 222, 223, 225, 226, 227, 228, 230, 231, 232, 233, 235, 236, 237, 238, 240, 241, 242, 243, 245, 246, 247, 248, 250, 251, 253, 254, 255, 257, 258, 259, 260, 261, 262, 264, 265, 266, 268, 269, 270, 271, 272, 273, 274, 276, 278, 279, 280, 281, 282, 284, 288, 290, 291, 292, 293, 294, 295, 296], "excluded_lines": []}, "wapitiCore/wappalyzer/__init__.py": {"executed_lines": [], "summary": {"covered_lines": 0, "num_statements": 0, "percent_covered": 100.0, "percent_covered_display": "100", "missing_lines": 0, "excluded_lines": 0}, "missing_lines": [], "excluded_lines": []}, "wapitiCore/wappalyzer/wappalyzer.py": {"executed_lines": [], "summary": {"covered_lines": 0, "num_statements": 299, "percent_covered": 0.0, "percent_covered_display": "0", "missing_lines": 299, "excluded_lines": 0}, "missing_lines": [20, 21, 22, 23, 24, 25, 26, 28, 29, 30, 33, 36, 37, 38, 41, 47, 51, 52, 53, 54, 56, 57, 59, 60, 62, 63, 65, 68, 69, 70, 72, 73, 75, 79, 81, 82, 84, 85, 87, 89, 90, 92, 94, 95, 96, 97, 98, 99, 100, 101, 102, 104, 106, 111, 112, 114, 115, 117, 118, 120, 123, 127, 128, 129, 130, 132, 136, 137, 138, 139, 141, 145, 147, 148, 152, 153, 156, 157, 160, 161, 163, 164, 167, 168, 169, 170, 172, 173, 188, 189, 190, 191, 192, 194, 195, 199, 200, 201, 202, 203, 204, 205, 206, 207, 210, 212, 213, 214, 215, 216, 218, 220, 222, 224, 226, 228, 231, 235, 236, 237, 239, 240, 241, 242, 244, 246, 249, 254, 255, 256, 258, 259, 261, 263, 265, 268, 272, 273, 274, 275, 276, 279, 280, 281, 283, 284, 287, 288, 291, 293, 294, 296, 299, 305, 306, 308, 309, 310, 311, 313, 314, 316, 319, 324, 325, 326, 328, 330, 331, 334, 337, 338, 339, 342, 347, 351, 352, 353, 355, 356, 358, 359, 360, 364, 365, 366, 368, 369, 370, 372, 374, 378, 379, 385, 386, 388, 393, 394, 397, 399, 401, 402, 403, 404, 405, 406, 407, 409, 410, 411, 412, 413, 414, 416, 417, 418, 419, 420, 422, 423, 425, 426, 428, 429, 431, 432, 434, 435, 436, 437, 440, 441, 442, 443, 444, 445, 447, 448, 449, 451, 452, 453, 454, 457, 458, 459, 460, 462, 463, 464, 465, 467, 472, 473, 475, 476, 477, 479, 481, 483, 485, 486, 488, 489, 490, 492, 496, 497, 502, 504, 508, 509, 511, 512, 513, 518, 520, 521, 523, 527, 528, 529, 532, 533, 534, 535, 536, 540, 542, 543, 544, 545, 550, 551, 552, 557, 559, 560, 564], "excluded_lines": []}}, "totals": {"covered_lines": 839, "num_statements": 10756, "percent_covered": 7.800297508367422, "percent_covered_display": "8", "missing_lines": 9917, "excluded_lines": 0}}